[ 2020-03-14T21:33:33+08:00 ] 0.0.0.0 /book/admin.php/login
INFO: [ route_check ] --START--
INFO: CheckRoute Behavior ::run [ RunTime:0.007156s ]
INFO: [ route_check ] --END-- [ RunTime:0.007370s ]
INFO: [ app_begin ] --START--
INFO: ReadHtmlCache Behavior ::run [ RunTime:0.002457s ]
INFO: [ app_begin ] --END-- [ RunTime:0.002780s ]
INFO: [ view_parse ] --START--
NOTIC: [8] Undefined variable: cfg_softname D:\wamp\www\book\Admin\Runtime\Cache\b46a69aae7a32d1baa706789852ef81e.php 第 4 行.
NOTIC: [8] Undefined variable: cfg_version D:\wamp\www\book\Admin\Runtime\Cache\b46a69aae7a32d1baa706789852ef81e.php 第 4 行.
NOTIC: [8] Undefined variable: redmsg D:\wamp\www\book\Admin\Runtime\Cache\b46a69aae7a32d1baa706789852ef81e.php 第 116 行.
NOTIC: [8] Undefined variable: cfg_powerby D:\wamp\www\book\Admin\Runtime\Cache\b46a69aae7a32d1baa706789852ef81e.php 第 117 行.
INFO: ParseTemplate Behavior ::run [ RunTime:0.025829s ]
INFO: [ view_parse ] --END-- [ RunTime:0.026303s ]
INFO: [ view_filter ] --START--
INFO: ContentReplace Behavior ::run [ RunTime:0.000847s ]
INFO: TokenBuild Behavior ::run [ RunTime:0.000762s ]
INFO: WriteHtmlCache Behavior ::run [ RunTime:0.000624s ]
INFO: ShowRuntime Behavior ::run [ RunTime:0.001025s ]
INFO: [ view_filter ] --END-- [ RunTime:0.003749s ]
INFO: [ view_end ] --START--
INFO: ShowPageTrace Behavior ::run [ RunTime:0.005722s ]
INFO: [ view_end ] --END-- [ RunTime:0.006012s ]

[ 2020-03-14T21:33:33+08:00 ] 0.0.0.0 /book/admin.php/Public/verify/
INFO: [ route_check ] --START--
INFO: CheckRoute Behavior ::run [ RunTime:0.001836s ]
INFO: [ route_check ] --END-- [ RunTime:0.002030s ]
INFO: [ app_begin ] --START--
INFO: ReadHtmlCache Behavior ::run [ RunTime:0.001548s ]
INFO: [ app_begin ] --END-- [ RunTime:0.001767s ]

[ 2020-03-14T21:33:48+08:00 ] 0.0.0.0 /book/admin.php/login/check
INFO: [ route_check ] --START--
INFO: CheckRoute Behavior ::run [ RunTime:0.000814s ]
INFO: [ route_check ] --END-- [ RunTime:0.000916s ]
INFO: [ app_begin ] --START--
INFO: ReadHtmlCache Behavior ::run [ RunTime:0.000841s ]
INFO: [ app_begin ] --END-- [ RunTime:0.000966s ]
SQL: SHOW COLUMNS FROM `book_admin` [ RunTime:0.006367s ]
SQL: SELECT * FROM `book_admin` WHERE ( admin_name='admin' ) LIMIT 1   [ RunTime:0.000619s ]
NOTIC: [8] Undefined index: role_id D:\wamp\www\book\Admin\Lib\Action\LoginAction.class.php 第 36 行.

[ 2020-03-14T21:33:48+08:00 ] 0.0.0.0 /book/admin.php/index/index.html
INFO: [ route_check ] --START--
INFO: CheckRoute Behavior ::run [ RunTime:0.002066s ]
INFO: [ route_check ] --END-- [ RunTime:0.002283s ]
INFO: [ app_begin ] --START--
INFO: ReadHtmlCache Behavior ::run [ RunTime:0.000704s ]
INFO: [ app_begin ] --END-- [ RunTime:0.000808s ]
INFO: [ view_parse ] --START--
INFO: ParseTemplate Behavior ::run [ RunTime:0.007964s ]
INFO: [ view_parse ] --END-- [ RunTime:0.008084s ]
INFO: [ view_filter ] --START--
INFO: ContentReplace Behavior ::run [ RunTime:0.000619s ]
INFO: TokenBuild Behavior ::run [ RunTime:0.000724s ]
INFO: WriteHtmlCache Behavior ::run [ RunTime:0.002679s ]
INFO: ShowRuntime Behavior ::run [ RunTime:0.000748s ]
INFO: [ view_filter ] --END-- [ RunTime:0.005064s ]
INFO: [ view_end ] --START--
INFO: ShowPageTrace Behavior ::run [ RunTime:0.000749s ]
INFO: [ view_end ] --END-- [ RunTime:0.000844s ]

[ 2020-03-14T21:33:48+08:00 ] 0.0.0.0 /book/admin.php/index/index_menu
INFO: [ route_check ] --START--
INFO: CheckRoute Behavior ::run [ RunTime:0.000922s ]
INFO: [ route_check ] --END-- [ RunTime:0.001047s ]
INFO: [ app_begin ] --START--
INFO: ReadHtmlCache Behavior ::run [ RunTime:0.000885s ]
INFO: [ app_begin ] --END-- [ RunTime:0.001034s ]
INFO: [ view_parse ] --START--
INFO: ParseTemplate Behavior ::run [ RunTime:0.020696s ]
INFO: [ view_parse ] --END-- [ RunTime:0.020824s ]
INFO: [ view_filter ] --START--
INFO: ContentReplace Behavior ::run [ RunTime:0.000665s ]
INFO: TokenBuild Behavior ::run [ RunTime:0.001157s ]
INFO: WriteHtmlCache Behavior ::run [ RunTime:0.000585s ]
INFO: ShowRuntime Behavior ::run [ RunTime:0.000788s ]
INFO: [ view_filter ] --END-- [ RunTime:0.003596s ]
INFO: [ view_end ] --START--
INFO: ShowPageTrace Behavior ::run [ RunTime:0.000764s ]
INFO: [ view_end ] --END-- [ RunTime:0.000852s ]

[ 2020-03-14T21:33:48+08:00 ] 0.0.0.0 /book/admin.php/index/index_body
INFO: [ route_check ] --START--
INFO: CheckRoute Behavior ::run [ RunTime:0.001662s ]
INFO: [ route_check ] --END-- [ RunTime:0.001804s ]
INFO: [ app_begin ] --START--
INFO: ReadHtmlCache Behavior ::run [ RunTime:0.001059s ]
INFO: [ app_begin ] --END-- [ RunTime:0.001224s ]
INFO: [ view_parse ] --START--
INFO: ParseTemplate Behavior ::run [ RunTime:0.024718s ]
INFO: [ view_parse ] --END-- [ RunTime:0.025539s ]
INFO: [ view_filter ] --START--
INFO: ContentReplace Behavior ::run [ RunTime:0.000732s ]
INFO: TokenBuild Behavior ::run [ RunTime:0.000605s ]
INFO: WriteHtmlCache Behavior ::run [ RunTime:0.000471s ]
INFO: ShowRuntime Behavior ::run [ RunTime:0.000655s ]
INFO: [ view_filter ] --END-- [ RunTime:0.002700s ]
INFO: [ view_end ] --START--
INFO: ShowPageTrace Behavior ::run [ RunTime:0.000730s ]
INFO: [ view_end ] --END-- [ RunTime:0.000812s ]

[ 2020-03-14T21:33:54+08:00 ] 0.0.0.0 /book/admin.php/book/book_main/
INFO: [ route_check ] --START--
INFO: CheckRoute Behavior ::run [ RunTime:0.001088s ]
INFO: [ route_check ] --END-- [ RunTime:0.001519s ]
INFO: [ app_begin ] --START--
INFO: ReadHtmlCache Behavior ::run [ RunTime:0.000695s ]
INFO: [ app_begin ] --END-- [ RunTime:0.000800s ]
SQL: SHOW COLUMNS FROM `book_book` [ RunTime:0.006176s ]
SQL: SELECT COUNT(*) AS tp_count FROM `book_book` LIMIT 1   [ RunTime:0.001002s ]
SQL: SELECT * FROM `book_book` LIMIT 0,10   [ RunTime:0.000713s ]
INFO: [ view_parse ] --START--
INFO: ParseTemplate Behavior ::run [ RunTime:0.011246s ]
INFO: [ view_parse ] --END-- [ RunTime:0.011374s ]
INFO: [ view_filter ] --START--
INFO: ContentReplace Behavior ::run [ RunTime:0.000519s ]
INFO: TokenBuild Behavior ::run [ RunTime:0.000425s ]
INFO: WriteHtmlCache Behavior ::run [ RunTime:0.000324s ]
INFO: ShowRuntime Behavior ::run [ RunTime:0.000528s ]
INFO: [ view_filter ] --END-- [ RunTime:0.002035s ]
INFO: [ view_end ] --START--
INFO: ShowPageTrace Behavior ::run [ RunTime:0.001195s ]
INFO: [ view_end ] --END-- [ RunTime:0.001297s ]

[ 2020-03-14T21:34:00+08:00 ] 0.0.0.0 /book/admin.php/other/page_main/
INFO: [ route_check ] --START--
INFO: CheckRoute Behavior ::run [ RunTime:0.000956s ]
INFO: [ route_check ] --END-- [ RunTime:0.001072s ]
INFO: [ app_begin ] --START--
INFO: ReadHtmlCache Behavior ::run [ RunTime:0.000920s ]
INFO: [ app_begin ] --END-- [ RunTime:0.001064s ]
SQL: SHOW COLUMNS FROM `book_pages` [ RunTime:0.041426s ]
SQL: SELECT COUNT(*) AS tp_count FROM `book_pages` LIMIT 1   [ RunTime:0.000527s ]
SQL: SELECT * FROM `book_pages` LIMIT 0,12   [ RunTime:0.000524s ]
INFO: [ view_parse ] --START--
NOTIC: [8] Undefined index: time D:\wamp\www\book\Admin\Runtime\Cache\16ce4a32907c7392b414afd835a468e4.php 第 52 行.
NOTIC: [8] Undefined index: time D:\wamp\www\book\Admin\Runtime\Cache\16ce4a32907c7392b414afd835a468e4.php 第 52 行.
NOTIC: [8] Undefined index: time D:\wamp\www\book\Admin\Runtime\Cache\16ce4a32907c7392b414afd835a468e4.php 第 52 行.
NOTIC: [8] Undefined index: time D:\wamp\www\book\Admin\Runtime\Cache\16ce4a32907c7392b414afd835a468e4.php 第 52 行.
NOTIC: [8] Undefined index: time D:\wamp\www\book\Admin\Runtime\Cache\16ce4a32907c7392b414afd835a468e4.php 第 52 行.
NOTIC: [8] Undefined index: time D:\wamp\www\book\Admin\Runtime\Cache\16ce4a32907c7392b414afd835a468e4.php 第 52 行.
NOTIC: [8] Undefined index: time D:\wamp\www\book\Admin\Runtime\Cache\16ce4a32907c7392b414afd835a468e4.php 第 52 行.
NOTIC: [8] Undefined index: time D:\wamp\www\book\Admin\Runtime\Cache\16ce4a32907c7392b414afd835a468e4.php 第 52 行.
NOTIC: [8] Undefined index: time D:\wamp\www\book\Admin\Runtime\Cache\16ce4a32907c7392b414afd835a468e4.php 第 52 行.
NOTIC: [8] Undefined index: time D:\wamp\www\book\Admin\Runtime\Cache\16ce4a32907c7392b414afd835a468e4.php 第 52 行.
INFO: ParseTemplate Behavior ::run [ RunTime:0.010088s ]
INFO: [ view_parse ] --END-- [ RunTime:0.010200s ]
INFO: [ view_filter ] --START--
INFO: ContentReplace Behavior ::run [ RunTime:0.000476s ]
INFO: TokenBuild Behavior ::run [ RunTime:0.000409s ]
INFO: WriteHtmlCache Behavior ::run [ RunTime:0.000280s ]
INFO: ShowRuntime Behavior ::run [ RunTime:0.000490s ]
INFO: [ view_filter ] --END-- [ RunTime:0.001901s ]
INFO: [ view_end ] --START--
INFO: ShowPageTrace Behavior ::run [ RunTime:0.000656s ]
INFO: [ view_end ] --END-- [ RunTime:0.000760s ]

[ 2020-03-14T21:34:02+08:00 ] 0.0.0.0 /book/admin.php/other/ad_main
INFO: [ route_check ] --START--
INFO: CheckRoute Behavior ::run [ RunTime:0.000852s ]
INFO: [ route_check ] --END-- [ RunTime:0.000955s ]
INFO: [ app_begin ] --START--
INFO: ReadHtmlCache Behavior ::run [ RunTime:0.000567s ]
INFO: [ app_begin ] --END-- [ RunTime:0.000665s ]
SQL: SHOW COLUMNS FROM `book_ad` [ RunTime:0.005229s ]
SQL: SELECT COUNT(*) AS tp_count FROM `book_ad` LIMIT 1   [ RunTime:0.000436s ]
SQL: SELECT * FROM `book_ad` ORDER BY id desc LIMIT 0,10   [ RunTime:0.000624s ]
INFO: [ view_parse ] --START--
NOTIC: [8] Undefined index: name D:\wamp\www\book\Admin\Runtime\Cache\784de9476db4ac2d740e9056e6a5e426.php 第 51 行.
NOTIC: [8] Undefined index: name D:\wamp\www\book\Admin\Runtime\Cache\784de9476db4ac2d740e9056e6a5e426.php 第 51 行.
NOTIC: [8] Undefined index: name D:\wamp\www\book\Admin\Runtime\Cache\784de9476db4ac2d740e9056e6a5e426.php 第 51 行.
NOTIC: [8] Undefined index: name D:\wamp\www\book\Admin\Runtime\Cache\784de9476db4ac2d740e9056e6a5e426.php 第 51 行.
INFO: ParseTemplate Behavior ::run [ RunTime:0.008871s ]
INFO: [ view_parse ] --END-- [ RunTime:0.008988s ]
INFO: [ view_filter ] --START--
INFO: ContentReplace Behavior ::run [ RunTime:0.000424s ]
INFO: TokenBuild Behavior ::run [ RunTime:0.000499s ]
INFO: WriteHtmlCache Behavior ::run [ RunTime:0.000416s ]
INFO: ShowRuntime Behavior ::run [ RunTime:0.000462s ]
INFO: [ view_filter ] --END-- [ RunTime:0.002064s ]
INFO: [ view_end ] --START--
INFO: ShowPageTrace Behavior ::run [ RunTime:0.000659s ]
INFO: [ view_end ] --END-- [ RunTime:0.000745s ]

[ 2020-03-14T21:34:03+08:00 ] 0.0.0.0 /book/admin.php/other/notice_main
INFO: [ route_check ] --START--
INFO: CheckRoute Behavior ::run [ RunTime:0.000814s ]
INFO: [ route_check ] --END-- [ RunTime:0.000920s ]
INFO: [ app_begin ] --START--
INFO: ReadHtmlCache Behavior ::run [ RunTime:0.000592s ]
INFO: [ app_begin ] --END-- [ RunTime:0.000682s ]
SQL: SHOW COLUMNS FROM `book_notice` [ RunTime:0.005917s ]
SQL: SELECT * FROM `book_notice`  [ RunTime:0.000601s ]
INFO: [ view_parse ] --START--
NOTIC: [8] Undefined variable: page D:\wamp\www\book\Admin\Runtime\Cache\4517a851cd44f65a24d05ad84a4ef4f5.php 第 66 行.
INFO: ParseTemplate Behavior ::run [ RunTime:0.009920s ]
INFO: [ view_parse ] --END-- [ RunTime:0.010016s ]
INFO: [ view_filter ] --START--
INFO: ContentReplace Behavior ::run [ RunTime:0.000421s ]
INFO: TokenBuild Behavior ::run [ RunTime:0.000406s ]
INFO: WriteHtmlCache Behavior ::run [ RunTime:0.000287s ]
INFO: ShowRuntime Behavior ::run [ RunTime:0.000552s ]
INFO: [ view_filter ] --END-- [ RunTime:0.001920s ]
INFO: [ view_end ] --START--
INFO: ShowPageTrace Behavior ::run [ RunTime:0.000987s ]
INFO: [ view_end ] --END-- [ RunTime:0.001114s ]

[ 2020-03-14T21:34:04+08:00 ] 0.0.0.0 /book/admin.php/other/link_main
INFO: [ route_check ] --START--
INFO: CheckRoute Behavior ::run [ RunTime:0.000728s ]
INFO: [ route_check ] --END-- [ RunTime:0.000832s ]
INFO: [ app_begin ] --START--
INFO: ReadHtmlCache Behavior ::run [ RunTime:0.000660s ]
INFO: [ app_begin ] --END-- [ RunTime:0.000758s ]
SQL: SHOW COLUMNS FROM `book_link` [ RunTime:0.005670s ]
SQL: SELECT COUNT(*) AS tp_count FROM `book_link` LIMIT 1   [ RunTime:0.000458s ]
SQL: SELECT * FROM `book_link` ORDER BY id desc LIMIT 0,10   [ RunTime:0.000476s ]
INFO: [ view_parse ] --START--
INFO: ParseTemplate Behavior ::run [ RunTime:0.009657s ]
INFO: [ view_parse ] --END-- [ RunTime:0.009797s ]
INFO: [ view_filter ] --START--
INFO: ContentReplace Behavior ::run [ RunTime:0.000427s ]
INFO: TokenBuild Behavior ::run [ RunTime:0.000384s ]
INFO: WriteHtmlCache Behavior ::run [ RunTime:0.000280s ]
INFO: ShowRuntime Behavior ::run [ RunTime:0.000479s ]
INFO: [ view_filter ] --END-- [ RunTime:0.001795s ]
INFO: [ view_end ] --START--
INFO: ShowPageTrace Behavior ::run [ RunTime:0.000836s ]
INFO: [ view_end ] --END-- [ RunTime:0.000911s ]

[ 2020-03-14T21:34:07+08:00 ] 0.0.0.0 /book/admin.php/siteset/sys_set
INFO: [ route_check ] --START--
INFO: CheckRoute Behavior ::run [ RunTime:0.001082s ]
INFO: [ route_check ] --END-- [ RunTime:0.001206s ]
INFO: [ app_begin ] --START--
INFO: ReadHtmlCache Behavior ::run [ RunTime:0.000556s ]
INFO: [ app_begin ] --END-- [ RunTime:0.000682s ]
SQL: SELECT * FROM `book_siteset` WHERE ( `id` = 1 ) LIMIT 1   [ RunTime:0.000733s ]
INFO: [ view_parse ] --START--
INFO: ParseTemplate Behavior ::run [ RunTime:0.021994s ]
INFO: [ view_parse ] --END-- [ RunTime:0.022139s ]
INFO: [ view_filter ] --START--
INFO: ContentReplace Behavior ::run [ RunTime:0.001268s ]
INFO: TokenBuild Behavior ::run [ RunTime:0.000455s ]
INFO: WriteHtmlCache Behavior ::run [ RunTime:0.000330s ]
INFO: ShowRuntime Behavior ::run [ RunTime:0.000528s ]
INFO: [ view_filter ] --END-- [ RunTime:0.002811s ]
INFO: [ view_end ] --START--
INFO: ShowPageTrace Behavior ::run [ RunTime:0.000629s ]
INFO: [ view_end ] --END-- [ RunTime:0.000710s ]

[ 2020-03-14T21:34:08+08:00 ] 0.0.0.0 /book/admin.php/siteset/menu_main
INFO: [ route_check ] --START--
INFO: CheckRoute Behavior ::run [ RunTime:0.001040s ]
INFO: [ route_check ] --END-- [ RunTime:0.001137s ]
INFO: [ app_begin ] --START--
INFO: ReadHtmlCache Behavior ::run [ RunTime:0.000677s ]
INFO: [ app_begin ] --END-- [ RunTime:0.000769s ]
SQL: SHOW COLUMNS FROM `book_menu` [ RunTime:0.005712s ]
SQL: SELECT * FROM `book_menu` ORDER BY ordernum asc  [ RunTime:0.000578s ]
INFO: [ view_parse ] --START--
INFO: ParseTemplate Behavior ::run [ RunTime:0.010266s ]
INFO: [ view_parse ] --END-- [ RunTime:0.010389s ]
INFO: [ view_filter ] --START--
INFO: ContentReplace Behavior ::run [ RunTime:0.000662s ]
INFO: TokenBuild Behavior ::run [ RunTime:0.000595s ]
INFO: WriteHtmlCache Behavior ::run [ RunTime:0.000474s ]
INFO: ShowRuntime Behavior ::run [ RunTime:0.000616s ]
INFO: [ view_filter ] --END-- [ RunTime:0.002574s ]
INFO: [ view_end ] --START--
INFO: ShowPageTrace Behavior ::run [ RunTime:0.000802s ]
INFO: [ view_end ] --END-- [ RunTime:0.000880s ]

[ 2020-03-14T21:34:40+08:00 ] 0.0.0.0 /book/admin.php/siteset/menu_add
INFO: [ route_check ] --START--
INFO: CheckRoute Behavior ::run [ RunTime:0.000805s ]
INFO: [ route_check ] --END-- [ RunTime:0.000931s ]
INFO: [ app_begin ] --START--
INFO: ReadHtmlCache Behavior ::run [ RunTime:0.000524s ]
INFO: [ app_begin ] --END-- [ RunTime:0.000614s ]
INFO: [ view_parse ] --START--
INFO: ParseTemplate Behavior ::run [ RunTime:0.007458s ]
INFO: [ view_parse ] --END-- [ RunTime:0.007569s ]
INFO: [ view_filter ] --START--
INFO: ContentReplace Behavior ::run [ RunTime:0.000463s ]
INFO: TokenBuild Behavior ::run [ RunTime:0.000424s ]
INFO: WriteHtmlCache Behavior ::run [ RunTime:0.000736s ]
INFO: ShowRuntime Behavior ::run [ RunTime:0.000627s ]
INFO: [ view_filter ] --END-- [ RunTime:0.002534s ]
INFO: [ view_end ] --START--
INFO: ShowPageTrace Behavior ::run [ RunTime:0.000691s ]
INFO: [ view_end ] --END-- [ RunTime:0.000773s ]

