[ 2020-04-02T09:20:20+08:00 ] 0.0.0.0 /book/
INFO: [ app_begin ] --START--
INFO: ReadHtmlCache Behavior ::run [ RunTime:0.004087s ]
INFO: [ app_begin ] --END-- [ RunTime:0.004652s ]
SQL: SELECT * FROM `book_siteset` WHERE ( `id` = 1 ) LIMIT 1   [ RunTime:0.046805s ]
SQL: SHOW COLUMNS FROM `book_notice` [ RunTime:0.189279s ]
SQL: SELECT * FROM `book_notice` LIMIT 8   [ RunTime:0.001656s ]
SQL: SHOW COLUMNS FROM `book_book` [ RunTime:0.146432s ]
SQL: SELECT * FROM book_book as a,book_cats as b WHERE ( a.book_cat=b.cat_id and a.flags like '%a%' ) LIMIT 7   [ RunTime:0.332859s ]
SQL: SELECT * FROM book_book as a,book_cats as b WHERE ( a.book_cat=b.cat_id and a.progress=59 ) ORDER BY a.public_time LIMIT 7   [ RunTime:0.001387s ]
SQL: SELECT * FROM book_book as a,book_cats as b WHERE ( a.book_cat=b.cat_id and a.flags like '%b%' ) LIMIT 3   [ RunTime:0.024839s ]
SQL: SELECT * FROM book_book as a,book_cats as b WHERE ( a.book_cat=b.cat_id ) ORDER BY a.public_time LIMIT 12   [ RunTime:0.060281s ]
SQL: SELECT * FROM book_book as a,book_cats as b WHERE ( a.book_cat=b.cat_id and a.flags like '%c%' )  [ RunTime:0.001121s ]
SQL: SELECT * FROM book_book as a,book_cats as b WHERE ( a.book_cat=b.cat_id and a.flags like '%d%' )  [ RunTime:0.007017s ]
SQL: SHOW COLUMNS FROM `book_book` [ RunTime:0.017166s ]
SQL: SELECT * FROM `book_book`  [ RunTime:0.001283s ]
SQL: SHOW COLUMNS FROM `book_user` [ RunTime:0.011999s ]
SQL: SELECT `user_name` FROM `book_user` WHERE ( 1=1 AND user_id='0' ) LIMIT 1   [ RunTime:0.001111s ]
SQL: SHOW COLUMNS FROM `book_cats` [ RunTime:0.013642s ]
SQL: SELECT `cat_sortname` FROM `book_cats` WHERE ( 1=1 AND cat_id='1' ) LIMIT 1   [ RunTime:0.000926s ]
SQL: SHOW COLUMNS FROM `book_chapter` [ RunTime:0.048071s ]
SQL: SELECT `chapter_title` FROM `book_chapter` WHERE ( 1=1 AND book_id='70' ) ORDER BY update_time desc LIMIT 1   [ RunTime:0.176762s ]
SQL: SELECT `user_name` FROM `book_user` WHERE ( 1=1 AND user_id='0' ) LIMIT 1   [ RunTime:0.000988s ]
SQL: SELECT `cat_sortname` FROM `book_cats` WHERE ( 1=1 AND cat_id='49' ) LIMIT 1   [ RunTime:0.000858s ]
SQL: SELECT `chapter_title` FROM `book_chapter` WHERE ( 1=1 AND book_id='82' ) ORDER BY update_time desc LIMIT 1   [ RunTime:0.000907s ]
SQL: SELECT `user_name` FROM `book_user` WHERE ( 1=1 AND user_id='0' ) LIMIT 1   [ RunTime:0.000810s ]
SQL: SELECT `cat_sortname` FROM `book_cats` WHERE ( 1=1 AND cat_id='6' ) LIMIT 1   [ RunTime:0.000882s ]
SQL: SELECT `chapter_title` FROM `book_chapter` WHERE ( 1=1 AND book_id='83' ) ORDER BY update_time desc LIMIT 1   [ RunTime:0.000989s ]
SQL: SELECT `user_name` FROM `book_user` WHERE ( 1=1 AND user_id='0' ) LIMIT 1   [ RunTime:0.000794s ]
SQL: SELECT `cat_sortname` FROM `book_cats` WHERE ( 1=1 AND cat_id='4' ) LIMIT 1   [ RunTime:0.000796s ]
SQL: SELECT `chapter_title` FROM `book_chapter` WHERE ( 1=1 AND book_id='84' ) ORDER BY update_time desc LIMIT 1   [ RunTime:0.000922s ]
SQL: SELECT `user_name` FROM `book_user` WHERE ( 1=1 AND user_id='0' ) LIMIT 1   [ RunTime:0.000779s ]
SQL: SELECT `cat_sortname` FROM `book_cats` WHERE ( 1=1 AND cat_id='50' ) LIMIT 1   [ RunTime:0.000856s ]
SQL: SELECT `chapter_title` FROM `book_chapter` WHERE ( 1=1 AND book_id='85' ) ORDER BY update_time desc LIMIT 1   [ RunTime:0.001282s ]
SQL: SELECT `user_name` FROM `book_user` WHERE ( 1=1 AND user_id='0' ) LIMIT 1   [ RunTime:0.001340s ]
SQL: SELECT `cat_sortname` FROM `book_cats` WHERE ( 1=1 AND cat_id='2' ) LIMIT 1   [ RunTime:0.001083s ]
SQL: SELECT `chapter_title` FROM `book_chapter` WHERE ( 1=1 AND book_id='86' ) ORDER BY update_time desc LIMIT 1   [ RunTime:0.000916s ]
SQL: SELECT * FROM `book_book` ORDER BY hits asc  [ RunTime:0.001333s ]
SQL: SHOW COLUMNS FROM `book_comment` [ RunTime:0.011654s ]
SQL: SELECT * FROM `book_comment` ORDER BY time desc  [ RunTime:0.058786s ]
SQL: SELECT `user_name` FROM `book_user` WHERE ( 1=1 AND user_id='72' ) LIMIT 1   [ RunTime:0.000849s ]
NOTIC: [8] Undefined index: book_cat D:\wamp\www\book\ThinkPHP\Extend\Model\RelationModel.class.php 第 164 行.
SQL: SELECT `cat_sortname` FROM `book_cats` WHERE ( 1=1 AND cat_id='' ) LIMIT 1   [ RunTime:0.004682s ]
SQL: SELECT `book_name` FROM `book_book` WHERE ( 1=1 AND book_id='70' ) LIMIT 1   [ RunTime:0.000798s ]
SQL: SELECT `user_name` FROM `book_user` WHERE ( 1=1 AND user_id='72' ) LIMIT 1   [ RunTime:0.000792s ]
NOTIC: [8] Undefined index: book_cat D:\wamp\www\book\ThinkPHP\Extend\Model\RelationModel.class.php 第 164 行.
SQL: SELECT `cat_sortname` FROM `book_cats` WHERE ( 1=1 AND cat_id='' ) LIMIT 1   [ RunTime:0.001049s ]
SQL: SELECT `book_name` FROM `book_book` WHERE ( 1=1 AND book_id='27' ) LIMIT 1   [ RunTime:0.000850s ]
SQL: SELECT `user_name` FROM `book_user` WHERE ( 1=1 AND user_id='27' ) LIMIT 1   [ RunTime:0.002861s ]
NOTIC: [8] Undefined index: book_cat D:\wamp\www\book\ThinkPHP\Extend\Model\RelationModel.class.php 第 164 行.
SQL: SELECT `cat_sortname` FROM `book_cats` WHERE ( 1=1 AND cat_id='' ) LIMIT 1   [ RunTime:0.000809s ]
SQL: SELECT `book_name` FROM `book_book` WHERE ( 1=1 AND book_id='33' ) LIMIT 1   [ RunTime:0.000791s ]
SQL: SELECT `user_name` FROM `book_user` WHERE ( 1=1 AND user_id='36' ) LIMIT 1   [ RunTime:0.000931s ]
NOTIC: [8] Undefined index: book_cat D:\wamp\www\book\ThinkPHP\Extend\Model\RelationModel.class.php 第 164 行.
SQL: SELECT `cat_sortname` FROM `book_cats` WHERE ( 1=1 AND cat_id='' ) LIMIT 1   [ RunTime:0.004484s ]
SQL: SELECT `book_name` FROM `book_book` WHERE ( 1=1 AND book_id='33' ) LIMIT 1   [ RunTime:0.001158s ]
SQL: SELECT `user_name` FROM `book_user` WHERE ( 1=1 AND user_id='36' ) LIMIT 1   [ RunTime:0.001017s ]
NOTIC: [8] Undefined index: book_cat D:\wamp\www\book\ThinkPHP\Extend\Model\RelationModel.class.php 第 164 行.
SQL: SELECT `cat_sortname` FROM `book_cats` WHERE ( 1=1 AND cat_id='' ) LIMIT 1   [ RunTime:0.000777s ]
SQL: SELECT `book_name` FROM `book_book` WHERE ( 1=1 AND book_id='33' ) LIMIT 1   [ RunTime:0.000798s ]
SQL: SELECT `user_name` FROM `book_user` WHERE ( 1=1 AND user_id='36' ) LIMIT 1   [ RunTime:0.000795s ]
NOTIC: [8] Undefined index: book_cat D:\wamp\www\book\ThinkPHP\Extend\Model\RelationModel.class.php 第 164 行.
SQL: SELECT `cat_sortname` FROM `book_cats` WHERE ( 1=1 AND cat_id='' ) LIMIT 1   [ RunTime:0.000786s ]
SQL: SELECT `book_name` FROM `book_book` WHERE ( 1=1 AND book_id='33' ) LIMIT 1   [ RunTime:0.000783s ]
SQL: SELECT `user_name` FROM `book_user` WHERE ( 1=1 AND user_id='36' ) LIMIT 1   [ RunTime:0.000845s ]
NOTIC: [8] Undefined index: book_cat D:\wamp\www\book\ThinkPHP\Extend\Model\RelationModel.class.php 第 164 行.
SQL: SELECT `cat_sortname` FROM `book_cats` WHERE ( 1=1 AND cat_id='' ) LIMIT 1   [ RunTime:0.000846s ]
SQL: SELECT `book_name` FROM `book_book` WHERE ( 1=1 AND book_id='33' ) LIMIT 1   [ RunTime:0.041695s ]
SQL: SHOW COLUMNS FROM `book_user_info` [ RunTime:0.021817s ]
SQL: SELECT * FROM `book_user_info` ORDER BY user_score desc  [ RunTime:0.009197s ]
SQL: SHOW COLUMNS FROM `book_link` [ RunTime:0.160094s ]
SQL: SELECT * FROM `book_link` WHERE ( status=1 ) LIMIT 32   [ RunTime:0.001549s ]
INFO: [ view_parse ] --START--
SQL: SHOW COLUMNS FROM `book_letter` [ RunTime:0.020432s ]
SQL: SHOW COLUMNS FROM `book_menu` [ RunTime:0.049181s ]
SQL: SELECT * FROM `book_menu` WHERE ( status=1 and position='header' ) ORDER BY ordernum asc LIMIT 7   [ RunTime:0.083672s ]
SQL: SELECT * FROM `book_cats` WHERE ( type=0 and status=1 ) ORDER BY ordernum asc  [ RunTime:0.002005s ]
NOTIC: [8] Undefined variable: catlist D:\wamp\www\book\index\Common\common.php 第 27 行.
NOTIC: [8] Undefined index: chapter_title D:\wamp\www\book\index\Runtime\Cache\6f9ff6e3cd1727a9c4c714dfe3682b60.php 第 246 行.
NOTIC: [8] Undefined index: chapter_title D:\wamp\www\book\index\Runtime\Cache\6f9ff6e3cd1727a9c4c714dfe3682b60.php 第 246 行.
NOTIC: [8] Undefined index: chapter_title D:\wamp\www\book\index\Runtime\Cache\6f9ff6e3cd1727a9c4c714dfe3682b60.php 第 246 行.
NOTIC: [8] Undefined index: chapter_title D:\wamp\www\book\index\Runtime\Cache\6f9ff6e3cd1727a9c4c714dfe3682b60.php 第 246 行.
NOTIC: [8] Undefined index: chapter_title D:\wamp\www\book\index\Runtime\Cache\6f9ff6e3cd1727a9c4c714dfe3682b60.php 第 246 行.
SQL: SELECT * FROM `book_menu` WHERE ( status=1 and position='footer' ) ORDER BY ordernum asc LIMIT 7   [ RunTime:0.053102s ]
NOTIC: [8] Undefined variable: catlist D:\wamp\www\book\index\Common\common.php 第 48 行.
INFO: ParseTemplate Behavior ::run [ RunTime:0.690367s ]
INFO: [ view_parse ] --END-- [ RunTime:0.690724s ]
INFO: [ view_filter ] --START--
INFO: ContentReplace Behavior ::run [ RunTime:0.002967s ]
INFO: TokenBuild Behavior ::run [ RunTime:0.003834s ]
INFO: WriteHtmlCache Behavior ::run [ RunTime:0.001768s ]
INFO: ShowRuntime Behavior ::run [ RunTime:0.002314s ]
INFO: [ view_filter ] --END-- [ RunTime:0.011818s ]
INFO: [ view_end ] --START--
INFO: ShowPageTrace Behavior ::run [ RunTime:0.003148s ]
INFO: [ view_end ] --END-- [ RunTime:0.003453s ]

[ 2020-04-02T09:20:26+08:00 ] 0.0.0.0 /book/index.php/member/login
INFO: [ route_check ] --START--
INFO: CheckRoute Behavior ::run [ RunTime:0.003789s ]
INFO: [ route_check ] --END-- [ RunTime:0.004213s ]
INFO: [ app_begin ] --START--
INFO: ReadHtmlCache Behavior ::run [ RunTime:0.002599s ]
INFO: [ app_begin ] --END-- [ RunTime:0.003075s ]
SQL: SELECT * FROM `book_siteset` WHERE ( `id` = 1 ) LIMIT 1   [ RunTime:0.001508s ]
INFO: [ view_parse ] --START--
SQL: SHOW COLUMNS FROM `book_letter` [ RunTime:0.022267s ]
SQL: SHOW COLUMNS FROM `book_menu` [ RunTime:0.010561s ]
SQL: SELECT * FROM `book_menu` WHERE ( status=1 and position='header' ) ORDER BY ordernum asc LIMIT 7   [ RunTime:0.048871s ]
SQL: SHOW COLUMNS FROM `book_cats` [ RunTime:0.018132s ]
SQL: SELECT * FROM `book_cats` WHERE ( type=0 and status=1 ) ORDER BY ordernum asc  [ RunTime:0.001784s ]
NOTIC: [8] Undefined variable: catlist D:\wamp\www\book\index\Common\common.php 第 27 行.
SQL: SELECT * FROM `book_menu` WHERE ( status=1 and position='footer' ) ORDER BY ordernum asc LIMIT 7   [ RunTime:0.001574s ]
NOTIC: [8] Undefined variable: catlist D:\wamp\www\book\index\Common\common.php 第 48 行.
INFO: ParseTemplate Behavior ::run [ RunTime:0.255964s ]
INFO: [ view_parse ] --END-- [ RunTime:0.256391s ]
INFO: [ view_filter ] --START--
INFO: ContentReplace Behavior ::run [ RunTime:0.003004s ]
INFO: TokenBuild Behavior ::run [ RunTime:0.002575s ]
INFO: WriteHtmlCache Behavior ::run [ RunTime:0.001978s ]
INFO: ShowRuntime Behavior ::run [ RunTime:0.002474s ]
INFO: [ view_filter ] --END-- [ RunTime:0.011204s ]
INFO: [ view_end ] --START--
INFO: ShowPageTrace Behavior ::run [ RunTime:0.002832s ]
INFO: [ view_end ] --END-- [ RunTime:0.003089s ]

[ 2020-04-02T09:20:27+08:00 ] 0.0.0.0 /book/index.php/Public/verify/
INFO: [ route_check ] --START--
INFO: CheckRoute Behavior ::run [ RunTime:0.000705s ]
INFO: [ route_check ] --END-- [ RunTime:0.000802s ]
INFO: [ app_begin ] --START--
INFO: ReadHtmlCache Behavior ::run [ RunTime:0.001699s ]
INFO: [ app_begin ] --END-- [ RunTime:0.001792s ]
SQL: SELECT * FROM `book_siteset` WHERE ( `id` = 1 ) LIMIT 1   [ RunTime:0.000502s ]

[ 2020-04-02T09:20:35+08:00 ] 0.0.0.0 /book/index.php/member/checklogin
INFO: [ route_check ] --START--
INFO: CheckRoute Behavior ::run [ RunTime:0.001385s ]
INFO: [ route_check ] --END-- [ RunTime:0.001621s ]
INFO: [ app_begin ] --START--
INFO: ReadHtmlCache Behavior ::run [ RunTime:0.000681s ]
INFO: [ app_begin ] --END-- [ RunTime:0.000854s ]
SQL: SELECT * FROM `book_siteset` WHERE ( `id` = 1 ) LIMIT 1   [ RunTime:0.000521s ]
SQL: SHOW COLUMNS FROM `book_user` [ RunTime:0.005367s ]
SQL: SELECT * FROM `book_user` WHERE ( user_name='damaihua' ) LIMIT 1   [ RunTime:0.000506s ]

[ 2020-04-02T09:20:35+08:00 ] 0.0.0.0 /book/index.php/member/index.html
INFO: [ route_check ] --START--
INFO: CheckRoute Behavior ::run [ RunTime:0.000931s ]
INFO: [ route_check ] --END-- [ RunTime:0.001038s ]
INFO: [ app_begin ] --START--
INFO: ReadHtmlCache Behavior ::run [ RunTime:0.000497s ]
INFO: [ app_begin ] --END-- [ RunTime:0.000619s ]
SQL: SELECT * FROM `book_siteset` WHERE ( `id` = 1 ) LIMIT 1   [ RunTime:0.000529s ]
SQL: SHOW COLUMNS FROM `book_user_info` [ RunTime:0.005300s ]
SQL: SELECT * FROM `book_user_info` WHERE ( user_id=72 ) LIMIT 1   [ RunTime:0.008214s ]
SQL: SHOW COLUMNS FROM `book_user` [ RunTime:0.005317s ]
SQL: SELECT * FROM `book_user` WHERE ( user_id=72 ) LIMIT 1   [ RunTime:0.000486s ]
SQL: SHOW COLUMNS FROM `book_history` [ RunTime:0.016222s ]
SQL: SELECT * FROM `book_history`  [ RunTime:0.000548s ]
SQL: SHOW COLUMNS FROM `book_book` [ RunTime:0.006549s ]
SQL: SELECT `book_name`,`book_cover` FROM `book_book` WHERE ( 1=1 AND book_id='14' ) LIMIT 1   [ RunTime:0.000444s ]
SQL: SHOW COLUMNS FROM `book_user` [ RunTime:0.005137s ]
NOTIC: [8] Undefined index: User_id D:\wamp\www\book\ThinkPHP\Extend\Model\RelationModel.class.php 第 164 行.
SQL: SELECT `user_name` FROM `book_user` WHERE ( 1=1 AND user_id='' ) LIMIT 1   [ RunTime:0.000453s ]
INFO: [ view_parse ] --START--
SQL: SHOW COLUMNS FROM `book_letter` [ RunTime:0.005464s ]
SQL: SHOW COLUMNS FROM `book_menu` [ RunTime:0.005223s ]
SQL: SELECT * FROM `book_menu` WHERE ( status=1 and position='header' ) ORDER BY ordernum asc LIMIT 7   [ RunTime:0.000565s ]
SQL: SHOW COLUMNS FROM `book_cats` [ RunTime:0.006383s ]
SQL: SELECT * FROM `book_cats` WHERE ( type=0 and status=1 ) ORDER BY ordernum asc  [ RunTime:0.000491s ]
NOTIC: [8] Undefined variable: catlist D:\wamp\www\book\index\Common\common.php 第 27 行.
SQL: SELECT * FROM `book_menu` WHERE ( status=1 and position='footer' ) ORDER BY ordernum asc LIMIT 7   [ RunTime:0.000617s ]
NOTIC: [8] Undefined variable: catlist D:\wamp\www\book\index\Common\common.php 第 48 行.
INFO: ParseTemplate Behavior ::run [ RunTime:0.078306s ]
INFO: [ view_parse ] --END-- [ RunTime:0.078401s ]
INFO: [ view_filter ] --START--
INFO: ContentReplace Behavior ::run [ RunTime:0.000767s ]
INFO: TokenBuild Behavior ::run [ RunTime:0.000388s ]
INFO: WriteHtmlCache Behavior ::run [ RunTime:0.000311s ]
INFO: ShowRuntime Behavior ::run [ RunTime:0.000461s ]
INFO: [ view_filter ] --END-- [ RunTime:0.002160s ]
INFO: [ view_end ] --START--
INFO: ShowPageTrace Behavior ::run [ RunTime:0.000823s ]
INFO: [ view_end ] --END-- [ RunTime:0.000902s ]

[ 2020-04-02T09:20:36+08:00 ] 0.0.0.0 /book/
INFO: [ app_begin ] --START--
INFO: ReadHtmlCache Behavior ::run [ RunTime:0.002480s ]
INFO: [ app_begin ] --END-- [ RunTime:0.002719s ]
SQL: SELECT * FROM `book_siteset` WHERE ( `id` = 1 ) LIMIT 1   [ RunTime:0.000992s ]
SQL: SHOW COLUMNS FROM `book_notice` [ RunTime:0.011147s ]
SQL: SELECT * FROM `book_notice` LIMIT 8   [ RunTime:0.000868s ]
SQL: SHOW COLUMNS FROM `book_book` [ RunTime:0.012012s ]
SQL: SELECT * FROM book_book as a,book_cats as b WHERE ( a.book_cat=b.cat_id and a.flags like '%a%' ) LIMIT 7   [ RunTime:0.001385s ]
SQL: SELECT * FROM book_book as a,book_cats as b WHERE ( a.book_cat=b.cat_id and a.progress=59 ) ORDER BY a.public_time LIMIT 7   [ RunTime:0.001074s ]
SQL: SELECT * FROM book_book as a,book_cats as b WHERE ( a.book_cat=b.cat_id and a.flags like '%b%' ) LIMIT 3   [ RunTime:0.000999s ]
SQL: SELECT * FROM book_book as a,book_cats as b WHERE ( a.book_cat=b.cat_id ) ORDER BY a.public_time LIMIT 12   [ RunTime:0.001366s ]
SQL: SELECT * FROM book_book as a,book_cats as b WHERE ( a.book_cat=b.cat_id and a.flags like '%c%' )  [ RunTime:0.000611s ]
SQL: SELECT * FROM book_book as a,book_cats as b WHERE ( a.book_cat=b.cat_id and a.flags like '%d%' )  [ RunTime:0.000632s ]
SQL: SHOW COLUMNS FROM `book_book` [ RunTime:0.007924s ]
SQL: SELECT * FROM `book_book`  [ RunTime:0.000813s ]
SQL: SHOW COLUMNS FROM `book_user` [ RunTime:0.007378s ]
SQL: SELECT `user_name` FROM `book_user` WHERE ( 1=1 AND user_id='0' ) LIMIT 1   [ RunTime:0.000578s ]
SQL: SHOW COLUMNS FROM `book_cats` [ RunTime:0.009982s ]
SQL: SELECT `cat_sortname` FROM `book_cats` WHERE ( 1=1 AND cat_id='1' ) LIMIT 1   [ RunTime:0.000624s ]
SQL: SHOW COLUMNS FROM `book_chapter` [ RunTime:0.007991s ]
SQL: SELECT `chapter_title` FROM `book_chapter` WHERE ( 1=1 AND book_id='70' ) ORDER BY update_time desc LIMIT 1   [ RunTime:0.000677s ]
SQL: SELECT `user_name` FROM `book_user` WHERE ( 1=1 AND user_id='0' ) LIMIT 1   [ RunTime:0.000539s ]
SQL: SELECT `cat_sortname` FROM `book_cats` WHERE ( 1=1 AND cat_id='49' ) LIMIT 1   [ RunTime:0.000523s ]
SQL: SELECT `chapter_title` FROM `book_chapter` WHERE ( 1=1 AND book_id='82' ) ORDER BY update_time desc LIMIT 1   [ RunTime:0.000558s ]
SQL: SELECT `user_name` FROM `book_user` WHERE ( 1=1 AND user_id='0' ) LIMIT 1   [ RunTime:0.000437s ]
SQL: SELECT `cat_sortname` FROM `book_cats` WHERE ( 1=1 AND cat_id='6' ) LIMIT 1   [ RunTime:0.000435s ]
SQL: SELECT `chapter_title` FROM `book_chapter` WHERE ( 1=1 AND book_id='83' ) ORDER BY update_time desc LIMIT 1   [ RunTime:0.000471s ]
SQL: SELECT `user_name` FROM `book_user` WHERE ( 1=1 AND user_id='0' ) LIMIT 1   [ RunTime:0.000412s ]
SQL: SELECT `cat_sortname` FROM `book_cats` WHERE ( 1=1 AND cat_id='4' ) LIMIT 1   [ RunTime:0.000422s ]
SQL: SELECT `chapter_title` FROM `book_chapter` WHERE ( 1=1 AND book_id='84' ) ORDER BY update_time desc LIMIT 1   [ RunTime:0.000492s ]
SQL: SELECT `user_name` FROM `book_user` WHERE ( 1=1 AND user_id='0' ) LIMIT 1   [ RunTime:0.000459s ]
SQL: SELECT `cat_sortname` FROM `book_cats` WHERE ( 1=1 AND cat_id='50' ) LIMIT 1   [ RunTime:0.000418s ]
SQL: SELECT `chapter_title` FROM `book_chapter` WHERE ( 1=1 AND book_id='85' ) ORDER BY update_time desc LIMIT 1   [ RunTime:0.000477s ]
SQL: SELECT `user_name` FROM `book_user` WHERE ( 1=1 AND user_id='0' ) LIMIT 1   [ RunTime:0.000427s ]
SQL: SELECT `cat_sortname` FROM `book_cats` WHERE ( 1=1 AND cat_id='2' ) LIMIT 1   [ RunTime:0.000435s ]
SQL: SELECT `chapter_title` FROM `book_chapter` WHERE ( 1=1 AND book_id='86' ) ORDER BY update_time desc LIMIT 1   [ RunTime:0.000558s ]
SQL: SELECT * FROM `book_book` ORDER BY hits asc  [ RunTime:0.000999s ]
SQL: SHOW COLUMNS FROM `book_comment` [ RunTime:0.007372s ]
SQL: SELECT * FROM `book_comment` ORDER BY time desc  [ RunTime:0.000549s ]
SQL: SELECT `user_name` FROM `book_user` WHERE ( 1=1 AND user_id='72' ) LIMIT 1   [ RunTime:0.001049s ]
NOTIC: [8] Undefined index: book_cat D:\wamp\www\book\ThinkPHP\Extend\Model\RelationModel.class.php 第 164 行.
SQL: SELECT `cat_sortname` FROM `book_cats` WHERE ( 1=1 AND cat_id='' ) LIMIT 1   [ RunTime:0.000682s ]
SQL: SELECT `book_name` FROM `book_book` WHERE ( 1=1 AND book_id='70' ) LIMIT 1   [ RunTime:0.000577s ]
SQL: SELECT `user_name` FROM `book_user` WHERE ( 1=1 AND user_id='72' ) LIMIT 1   [ RunTime:0.000442s ]
NOTIC: [8] Undefined index: book_cat D:\wamp\www\book\ThinkPHP\Extend\Model\RelationModel.class.php 第 164 行.
SQL: SELECT `cat_sortname` FROM `book_cats` WHERE ( 1=1 AND cat_id='' ) LIMIT 1   [ RunTime:0.000377s ]
SQL: SELECT `book_name` FROM `book_book` WHERE ( 1=1 AND book_id='27' ) LIMIT 1   [ RunTime:0.000425s ]
SQL: SELECT `user_name` FROM `book_user` WHERE ( 1=1 AND user_id='27' ) LIMIT 1   [ RunTime:0.015351s ]
NOTIC: [8] Undefined index: book_cat D:\wamp\www\book\ThinkPHP\Extend\Model\RelationModel.class.php 第 164 行.
SQL: SELECT `cat_sortname` FROM `book_cats` WHERE ( 1=1 AND cat_id='' ) LIMIT 1   [ RunTime:0.000474s ]
SQL: SELECT `book_name` FROM `book_book` WHERE ( 1=1 AND book_id='33' ) LIMIT 1   [ RunTime:0.000409s ]
SQL: SELECT `user_name` FROM `book_user` WHERE ( 1=1 AND user_id='36' ) LIMIT 1   [ RunTime:0.005463s ]
NOTIC: [8] Undefined index: book_cat D:\wamp\www\book\ThinkPHP\Extend\Model\RelationModel.class.php 第 164 行.
SQL: SELECT `cat_sortname` FROM `book_cats` WHERE ( 1=1 AND cat_id='' ) LIMIT 1   [ RunTime:0.000474s ]
SQL: SELECT `book_name` FROM `book_book` WHERE ( 1=1 AND book_id='33' ) LIMIT 1   [ RunTime:0.000430s ]
SQL: SELECT `user_name` FROM `book_user` WHERE ( 1=1 AND user_id='36' ) LIMIT 1   [ RunTime:0.000530s ]
NOTIC: [8] Undefined index: book_cat D:\wamp\www\book\ThinkPHP\Extend\Model\RelationModel.class.php 第 164 行.
SQL: SELECT `cat_sortname` FROM `book_cats` WHERE ( 1=1 AND cat_id='' ) LIMIT 1   [ RunTime:0.000428s ]
SQL: SELECT `book_name` FROM `book_book` WHERE ( 1=1 AND book_id='33' ) LIMIT 1   [ RunTime:0.000798s ]
SQL: SELECT `user_name` FROM `book_user` WHERE ( 1=1 AND user_id='36' ) LIMIT 1   [ RunTime:0.000532s ]
NOTIC: [8] Undefined index: book_cat D:\wamp\www\book\ThinkPHP\Extend\Model\RelationModel.class.php 第 164 行.
SQL: SELECT `cat_sortname` FROM `book_cats` WHERE ( 1=1 AND cat_id='' ) LIMIT 1   [ RunTime:0.000426s ]
SQL: SELECT `book_name` FROM `book_book` WHERE ( 1=1 AND book_id='33' ) LIMIT 1   [ RunTime:0.000405s ]
SQL: SELECT `user_name` FROM `book_user` WHERE ( 1=1 AND user_id='36' ) LIMIT 1   [ RunTime:0.000408s ]
NOTIC: [8] Undefined index: book_cat D:\wamp\www\book\ThinkPHP\Extend\Model\RelationModel.class.php 第 164 行.
SQL: SELECT `cat_sortname` FROM `book_cats` WHERE ( 1=1 AND cat_id='' ) LIMIT 1   [ RunTime:0.000397s ]
SQL: SELECT `book_name` FROM `book_book` WHERE ( 1=1 AND book_id='33' ) LIMIT 1   [ RunTime:0.000395s ]
SQL: SHOW COLUMNS FROM `book_user_info` [ RunTime:0.005450s ]
SQL: SELECT * FROM `book_user_info` ORDER BY user_score desc  [ RunTime:0.006658s ]
SQL: SHOW COLUMNS FROM `book_link` [ RunTime:0.005478s ]
SQL: SELECT * FROM `book_link` WHERE ( status=1 ) LIMIT 32   [ RunTime:0.000541s ]
INFO: [ view_parse ] --START--
SQL: SHOW COLUMNS FROM `book_letter` [ RunTime:0.005711s ]
SQL: SHOW COLUMNS FROM `book_menu` [ RunTime:0.005151s ]
SQL: SELECT * FROM `book_menu` WHERE ( status=1 and position='header' ) ORDER BY ordernum asc LIMIT 7   [ RunTime:0.000706s ]
SQL: SELECT * FROM `book_cats` WHERE ( type=0 and status=1 ) ORDER BY ordernum asc  [ RunTime:0.000775s ]
NOTIC: [8] Undefined variable: catlist D:\wamp\www\book\index\Common\common.php 第 27 行.
NOTIC: [8] Undefined index: chapter_title D:\wamp\www\book\index\Runtime\Cache\6f9ff6e3cd1727a9c4c714dfe3682b60.php 第 246 行.
NOTIC: [8] Undefined index: chapter_title D:\wamp\www\book\index\Runtime\Cache\6f9ff6e3cd1727a9c4c714dfe3682b60.php 第 246 行.
NOTIC: [8] Undefined index: chapter_title D:\wamp\www\book\index\Runtime\Cache\6f9ff6e3cd1727a9c4c714dfe3682b60.php 第 246 行.
NOTIC: [8] Undefined index: chapter_title D:\wamp\www\book\index\Runtime\Cache\6f9ff6e3cd1727a9c4c714dfe3682b60.php 第 246 行.
NOTIC: [8] Undefined index: chapter_title D:\wamp\www\book\index\Runtime\Cache\6f9ff6e3cd1727a9c4c714dfe3682b60.php 第 246 行.
SQL: SELECT * FROM `book_menu` WHERE ( status=1 and position='footer' ) ORDER BY ordernum asc LIMIT 7   [ RunTime:0.000495s ]
NOTIC: [8] Undefined variable: catlist D:\wamp\www\book\index\Common\common.php 第 48 行.
INFO: ParseTemplate Behavior ::run [ RunTime:0.076867s ]
INFO: [ view_parse ] --END-- [ RunTime:0.077004s ]
INFO: [ view_filter ] --START--
INFO: ContentReplace Behavior ::run [ RunTime:0.000903s ]
INFO: TokenBuild Behavior ::run [ RunTime:0.000623s ]
INFO: WriteHtmlCache Behavior ::run [ RunTime:0.000701s ]
INFO: ShowRuntime Behavior ::run [ RunTime:0.000640s ]
INFO: [ view_filter ] --END-- [ RunTime:0.003097s ]
INFO: [ view_end ] --START--
INFO: ShowPageTrace Behavior ::run [ RunTime:0.000810s ]
INFO: [ view_end ] --END-- [ RunTime:0.000886s ]

[ 2020-04-02T09:20:38+08:00 ] 0.0.0.0 /book/index.php/member/pwd_edit
INFO: [ route_check ] --START--
INFO: CheckRoute Behavior ::run [ RunTime:0.001201s ]
INFO: [ route_check ] --END-- [ RunTime:0.001305s ]
INFO: [ app_begin ] --START--
INFO: ReadHtmlCache Behavior ::run [ RunTime:0.000473s ]
INFO: [ app_begin ] --END-- [ RunTime:0.000562s ]
SQL: SELECT * FROM `book_siteset` WHERE ( `id` = 1 ) LIMIT 1   [ RunTime:0.000531s ]
INFO: [ view_parse ] --START--
SQL: SHOW COLUMNS FROM `book_letter` [ RunTime:0.005193s ]
SQL: SHOW COLUMNS FROM `book_menu` [ RunTime:0.006206s ]
SQL: SELECT * FROM `book_menu` WHERE ( status=1 and position='header' ) ORDER BY ordernum asc LIMIT 7   [ RunTime:0.000578s ]
SQL: SHOW COLUMNS FROM `book_cats` [ RunTime:0.005410s ]
SQL: SELECT * FROM `book_cats` WHERE ( type=0 and status=1 ) ORDER BY ordernum asc  [ RunTime:0.000532s ]
NOTIC: [8] Undefined variable: catlist D:\wamp\www\book\index\Common\common.php 第 27 行.
SQL: SELECT * FROM `book_menu` WHERE ( status=1 and position='footer' ) ORDER BY ordernum asc LIMIT 7   [ RunTime:0.000561s ]
NOTIC: [8] Undefined variable: catlist D:\wamp\www\book\index\Common\common.php 第 48 行.
INFO: ParseTemplate Behavior ::run [ RunTime:0.041000s ]
INFO: [ view_parse ] --END-- [ RunTime:0.041131s ]
INFO: [ view_filter ] --START--
INFO: ContentReplace Behavior ::run [ RunTime:0.001033s ]
INFO: TokenBuild Behavior ::run [ RunTime:0.000695s ]
INFO: WriteHtmlCache Behavior ::run [ RunTime:0.000802s ]
INFO: ShowRuntime Behavior ::run [ RunTime:0.000930s ]
INFO: [ view_filter ] --END-- [ RunTime:0.003844s ]
INFO: [ view_end ] --START--
INFO: ShowPageTrace Behavior ::run [ RunTime:0.000966s ]
INFO: [ view_end ] --END-- [ RunTime:0.001068s ]

[ 2020-04-02T09:21:04+08:00 ] 0.0.0.0 /book/index.php/member/do_pwd_edit
INFO: [ route_check ] --START--
INFO: CheckRoute Behavior ::run [ RunTime:0.001351s ]
INFO: [ route_check ] --END-- [ RunTime:0.001493s ]
INFO: [ app_begin ] --START--
INFO: ReadHtmlCache Behavior ::run [ RunTime:0.000818s ]
INFO: [ app_begin ] --END-- [ RunTime:0.000996s ]
SQL: SELECT * FROM `book_siteset` WHERE ( `id` = 1 ) LIMIT 1   [ RunTime:0.000704s ]
SQL: SHOW COLUMNS FROM `book_user` [ RunTime:0.007187s ]
SQL: SELECT `user_pwd` FROM `book_user` WHERE ( `user_id` = 72 ) LIMIT 1   [ RunTime:0.015416s ]
SQL: UPDATE `book_user` SET `user_pwd`='e10adc3949ba59abbe56e057f20f883e' WHERE ( user_id=72 ) [ RunTime:0.233249s ]
INFO: [ view_parse ] --START--
INFO: ParseTemplate Behavior ::run [ RunTime:0.048305s ]
INFO: [ view_parse ] --END-- [ RunTime:0.048805s ]
INFO: [ view_filter ] --START--
INFO: ContentReplace Behavior ::run [ RunTime:0.001152s ]
INFO: TokenBuild Behavior ::run [ RunTime:0.001177s ]
INFO: WriteHtmlCache Behavior ::run [ RunTime:0.000750s ]
INFO: ShowRuntime Behavior ::run [ RunTime:0.001232s ]
INFO: [ view_filter ] --END-- [ RunTime:0.004852s ]
INFO: [ view_end ] --START--
INFO: ShowPageTrace Behavior ::run [ RunTime:0.002799s ]
INFO: [ view_end ] --END-- [ RunTime:0.003035s ]

[ 2020-04-02T09:21:17+08:00 ] 0.0.0.0 /book/index.php/member/do_pwd_edit
INFO: [ route_check ] --START--
INFO: CheckRoute Behavior ::run [ RunTime:0.001586s ]
INFO: [ route_check ] --END-- [ RunTime:0.001694s ]
INFO: [ app_begin ] --START--
INFO: ReadHtmlCache Behavior ::run [ RunTime:0.000668s ]
INFO: [ app_begin ] --END-- [ RunTime:0.000770s ]
SQL: SELECT * FROM `book_siteset` WHERE ( `id` = 1 ) LIMIT 1   [ RunTime:0.000503s ]
SQL: SHOW COLUMNS FROM `book_user` [ RunTime:0.006240s ]
SQL: SELECT `user_pwd` FROM `book_user` WHERE ( `user_id` = 72 ) LIMIT 1   [ RunTime:0.000470s ]
SQL: UPDATE `book_user` SET `user_pwd`='e10adc3949ba59abbe56e057f20f883e' WHERE ( user_id=72 ) [ RunTime:0.200419s ]
INFO: [ view_parse ] --START--
INFO: ParseTemplate Behavior ::run [ RunTime:0.119892s ]
INFO: [ view_parse ] --END-- [ RunTime:0.120389s ]
INFO: [ view_filter ] --START--
INFO: ContentReplace Behavior ::run [ RunTime:0.002094s ]
INFO: TokenBuild Behavior ::run [ RunTime:0.002104s ]
INFO: WriteHtmlCache Behavior ::run [ RunTime:0.002219s ]
INFO: ShowRuntime Behavior ::run [ RunTime:0.003671s ]
INFO: [ view_filter ] --END-- [ RunTime:0.010997s ]
INFO: [ view_end ] --START--
INFO: ShowPageTrace Behavior ::run [ RunTime:0.003502s ]
INFO: [ view_end ] --END-- [ RunTime:0.003796s ]

[ 2020-04-02T10:14:58+08:00 ] 0.0.0.0 /book/
INFO: [ app_begin ] --START--
INFO: ReadHtmlCache Behavior ::run [ RunTime:0.001054s ]
INFO: [ app_begin ] --END-- [ RunTime:0.001189s ]
SQL: SELECT * FROM `book_siteset` WHERE ( `id` = 1 ) LIMIT 1   [ RunTime:0.000552s ]
SQL: SHOW COLUMNS FROM `book_notice` [ RunTime:0.005398s ]
SQL: SELECT * FROM `book_notice` LIMIT 8   [ RunTime:0.000434s ]
SQL: SHOW COLUMNS FROM `book_book` [ RunTime:0.030206s ]
SQL: SELECT * FROM book_book as a,book_cats as b WHERE ( a.book_cat=b.cat_id and a.flags like '%a%' ) LIMIT 7   [ RunTime:0.000889s ]
SQL: SELECT * FROM book_book as a,book_cats as b WHERE ( a.book_cat=b.cat_id and a.progress=59 ) ORDER BY a.public_time LIMIT 7   [ RunTime:0.000522s ]
SQL: SELECT * FROM book_book as a,book_cats as b WHERE ( a.book_cat=b.cat_id and a.flags like '%b%' ) LIMIT 3   [ RunTime:0.000452s ]
SQL: SELECT * FROM book_book as a,book_cats as b WHERE ( a.book_cat=b.cat_id ) ORDER BY a.public_time LIMIT 12   [ RunTime:0.000742s ]
SQL: SELECT * FROM book_book as a,book_cats as b WHERE ( a.book_cat=b.cat_id and a.flags like '%c%' )  [ RunTime:0.000518s ]
SQL: SELECT * FROM book_book as a,book_cats as b WHERE ( a.book_cat=b.cat_id and a.flags like '%d%' )  [ RunTime:0.000476s ]
SQL: SHOW COLUMNS FROM `book_book` [ RunTime:0.005762s ]
SQL: SELECT * FROM `book_book`  [ RunTime:0.000632s ]
SQL: SHOW COLUMNS FROM `book_user` [ RunTime:0.005396s ]
SQL: SELECT `user_name` FROM `book_user` WHERE ( 1=1 AND user_id='0' ) LIMIT 1   [ RunTime:0.000509s ]
SQL: SHOW COLUMNS FROM `book_cats` [ RunTime:0.005935s ]
SQL: SELECT `cat_sortname` FROM `book_cats` WHERE ( 1=1 AND cat_id='1' ) LIMIT 1   [ RunTime:0.000459s ]
SQL: SHOW COLUMNS FROM `book_chapter` [ RunTime:0.005693s ]
SQL: SELECT `chapter_title` FROM `book_chapter` WHERE ( 1=1 AND book_id='70' ) ORDER BY update_time desc LIMIT 1   [ RunTime:0.000573s ]
SQL: SELECT `user_name` FROM `book_user` WHERE ( 1=1 AND user_id='0' ) LIMIT 1   [ RunTime:0.000403s ]
SQL: SELECT `cat_sortname` FROM `book_cats` WHERE ( 1=1 AND cat_id='49' ) LIMIT 1   [ RunTime:0.000420s ]
SQL: SELECT `chapter_title` FROM `book_chapter` WHERE ( 1=1 AND book_id='82' ) ORDER BY update_time desc LIMIT 1   [ RunTime:0.000467s ]
SQL: SELECT `user_name` FROM `book_user` WHERE ( 1=1 AND user_id='0' ) LIMIT 1   [ RunTime:0.000459s ]
SQL: SELECT `cat_sortname` FROM `book_cats` WHERE ( 1=1 AND cat_id='6' ) LIMIT 1   [ RunTime:0.000731s ]
SQL: SELECT `chapter_title` FROM `book_chapter` WHERE ( 1=1 AND book_id='83' ) ORDER BY update_time desc LIMIT 1   [ RunTime:0.000517s ]
SQL: SELECT `user_name` FROM `book_user` WHERE ( 1=1 AND user_id='0' ) LIMIT 1   [ RunTime:0.000391s ]
SQL: SELECT `cat_sortname` FROM `book_cats` WHERE ( 1=1 AND cat_id='4' ) LIMIT 1   [ RunTime:0.000391s ]
SQL: SELECT `chapter_title` FROM `book_chapter` WHERE ( 1=1 AND book_id='84' ) ORDER BY update_time desc LIMIT 1   [ RunTime:0.000603s ]
SQL: SELECT `user_name` FROM `book_user` WHERE ( 1=1 AND user_id='0' ) LIMIT 1   [ RunTime:0.000483s ]
SQL: SELECT `cat_sortname` FROM `book_cats` WHERE ( 1=1 AND cat_id='50' ) LIMIT 1   [ RunTime:0.000551s ]
SQL: SELECT `chapter_title` FROM `book_chapter` WHERE ( 1=1 AND book_id='85' ) ORDER BY update_time desc LIMIT 1   [ RunTime:0.000612s ]
SQL: SELECT `user_name` FROM `book_user` WHERE ( 1=1 AND user_id='0' ) LIMIT 1   [ RunTime:0.000573s ]
SQL: SELECT `cat_sortname` FROM `book_cats` WHERE ( 1=1 AND cat_id='2' ) LIMIT 1   [ RunTime:0.000595s ]
SQL: SELECT `chapter_title` FROM `book_chapter` WHERE ( 1=1 AND book_id='86' ) ORDER BY update_time desc LIMIT 1   [ RunTime:0.000709s ]
SQL: SELECT * FROM `book_book` ORDER BY hits asc  [ RunTime:0.000881s ]
SQL: SHOW COLUMNS FROM `book_comment` [ RunTime:0.021773s ]
SQL: SELECT * FROM `book_comment` ORDER BY time desc  [ RunTime:0.000578s ]
SQL: SELECT `user_name` FROM `book_user` WHERE ( 1=1 AND user_id='72' ) LIMIT 1   [ RunTime:0.000467s ]
NOTIC: [8] Undefined index: book_cat D:\wamp\www\book\ThinkPHP\Extend\Model\RelationModel.class.php 第 164 行.
SQL: SELECT `cat_sortname` FROM `book_cats` WHERE ( 1=1 AND cat_id='' ) LIMIT 1   [ RunTime:0.000443s ]
SQL: SELECT `book_name` FROM `book_book` WHERE ( 1=1 AND book_id='70' ) LIMIT 1   [ RunTime:0.000423s ]
SQL: SELECT `user_name` FROM `book_user` WHERE ( 1=1 AND user_id='72' ) LIMIT 1   [ RunTime:0.000507s ]
NOTIC: [8] Undefined index: book_cat D:\wamp\www\book\ThinkPHP\Extend\Model\RelationModel.class.php 第 164 行.
SQL: SELECT `cat_sortname` FROM `book_cats` WHERE ( 1=1 AND cat_id='' ) LIMIT 1   [ RunTime:0.000390s ]
SQL: SELECT `book_name` FROM `book_book` WHERE ( 1=1 AND book_id='27' ) LIMIT 1   [ RunTime:0.000378s ]
SQL: SELECT `user_name` FROM `book_user` WHERE ( 1=1 AND user_id='27' ) LIMIT 1   [ RunTime:0.000463s ]
NOTIC: [8] Undefined index: book_cat D:\wamp\www\book\ThinkPHP\Extend\Model\RelationModel.class.php 第 164 行.
SQL: SELECT `cat_sortname` FROM `book_cats` WHERE ( 1=1 AND cat_id='' ) LIMIT 1   [ RunTime:0.000394s ]
SQL: SELECT `book_name` FROM `book_book` WHERE ( 1=1 AND book_id='33' ) LIMIT 1   [ RunTime:0.000374s ]
SQL: SELECT `user_name` FROM `book_user` WHERE ( 1=1 AND user_id='36' ) LIMIT 1   [ RunTime:0.000406s ]
NOTIC: [8] Undefined index: book_cat D:\wamp\www\book\ThinkPHP\Extend\Model\RelationModel.class.php 第 164 行.
SQL: SELECT `cat_sortname` FROM `book_cats` WHERE ( 1=1 AND cat_id='' ) LIMIT 1   [ RunTime:0.000385s ]
SQL: SELECT `book_name` FROM `book_book` WHERE ( 1=1 AND book_id='33' ) LIMIT 1   [ RunTime:0.000361s ]
SQL: SELECT `user_name` FROM `book_user` WHERE ( 1=1 AND user_id='36' ) LIMIT 1   [ RunTime:0.000370s ]
NOTIC: [8] Undefined index: book_cat D:\wamp\www\book\ThinkPHP\Extend\Model\RelationModel.class.php 第 164 行.
SQL: SELECT `cat_sortname` FROM `book_cats` WHERE ( 1=1 AND cat_id='' ) LIMIT 1   [ RunTime:0.000360s ]
SQL: SELECT `book_name` FROM `book_book` WHERE ( 1=1 AND book_id='33' ) LIMIT 1   [ RunTime:0.000506s ]
SQL: SELECT `user_name` FROM `book_user` WHERE ( 1=1 AND user_id='36' ) LIMIT 1   [ RunTime:0.000635s ]
NOTIC: [8] Undefined index: book_cat D:\wamp\www\book\ThinkPHP\Extend\Model\RelationModel.class.php 第 164 行.
SQL: SELECT `cat_sortname` FROM `book_cats` WHERE ( 1=1 AND cat_id='' ) LIMIT 1   [ RunTime:0.000598s ]
SQL: SELECT `book_name` FROM `book_book` WHERE ( 1=1 AND book_id='33' ) LIMIT 1   [ RunTime:0.000439s ]
SQL: SELECT `user_name` FROM `book_user` WHERE ( 1=1 AND user_id='36' ) LIMIT 1   [ RunTime:0.000458s ]
NOTIC: [8] Undefined index: book_cat D:\wamp\www\book\ThinkPHP\Extend\Model\RelationModel.class.php 第 164 行.
SQL: SELECT `cat_sortname` FROM `book_cats` WHERE ( 1=1 AND cat_id='' ) LIMIT 1   [ RunTime:0.000408s ]
SQL: SELECT `book_name` FROM `book_book` WHERE ( 1=1 AND book_id='33' ) LIMIT 1   [ RunTime:0.000381s ]
SQL: SHOW COLUMNS FROM `book_user_info` [ RunTime:0.005393s ]
SQL: SELECT * FROM `book_user_info` ORDER BY user_score desc  [ RunTime:0.049689s ]
SQL: SHOW COLUMNS FROM `book_link` [ RunTime:0.029854s ]
SQL: SELECT * FROM `book_link` WHERE ( status=1 ) LIMIT 32   [ RunTime:0.023648s ]
INFO: [ view_parse ] --START--
SQL: SHOW COLUMNS FROM `book_letter` [ RunTime:0.011119s ]
SQL: SHOW COLUMNS FROM `book_menu` [ RunTime:0.006088s ]
SQL: SELECT * FROM `book_menu` WHERE ( status=1 and position='header' ) ORDER BY ordernum asc LIMIT 7   [ RunTime:0.000537s ]
SQL: SELECT * FROM `book_cats` WHERE ( type=0 and status=1 ) ORDER BY ordernum asc  [ RunTime:0.000452s ]
NOTIC: [8] Undefined variable: catlist D:\wamp\www\book\index\Common\common.php 第 27 行.
NOTIC: [8] Undefined index: chapter_title D:\wamp\www\book\index\Runtime\Cache\6f9ff6e3cd1727a9c4c714dfe3682b60.php 第 246 行.
NOTIC: [8] Undefined index: chapter_title D:\wamp\www\book\index\Runtime\Cache\6f9ff6e3cd1727a9c4c714dfe3682b60.php 第 246 行.
NOTIC: [8] Undefined index: chapter_title D:\wamp\www\book\index\Runtime\Cache\6f9ff6e3cd1727a9c4c714dfe3682b60.php 第 246 行.
NOTIC: [8] Undefined index: chapter_title D:\wamp\www\book\index\Runtime\Cache\6f9ff6e3cd1727a9c4c714dfe3682b60.php 第 246 行.
NOTIC: [8] Undefined index: chapter_title D:\wamp\www\book\index\Runtime\Cache\6f9ff6e3cd1727a9c4c714dfe3682b60.php 第 246 行.
SQL: SELECT * FROM `book_menu` WHERE ( status=1 and position='footer' ) ORDER BY ordernum asc LIMIT 7   [ RunTime:0.000619s ]
NOTIC: [8] Undefined variable: catlist D:\wamp\www\book\index\Common\common.php 第 48 行.
INFO: ParseTemplate Behavior ::run [ RunTime:0.110695s ]
INFO: [ view_parse ] --END-- [ RunTime:0.110793s ]
INFO: [ view_filter ] --START--
INFO: ContentReplace Behavior ::run [ RunTime:0.000883s ]
INFO: TokenBuild Behavior ::run [ RunTime:0.000591s ]
INFO: WriteHtmlCache Behavior ::run [ RunTime:0.000555s ]
INFO: ShowRuntime Behavior ::run [ RunTime:0.000639s ]
INFO: [ view_filter ] --END-- [ RunTime:0.002924s ]
INFO: [ view_end ] --START--
INFO: ShowPageTrace Behavior ::run [ RunTime:0.000812s ]
INFO: [ view_end ] --END-- [ RunTime:0.000887s ]

[ 2020-04-02T17:49:08+08:00 ] 0.0.0.0 /book/index.php/member/loginout
INFO: [ route_check ] --START--
INFO: CheckRoute Behavior ::run [ RunTime:0.065686s ]
INFO: [ route_check ] --END-- [ RunTime:0.090187s ]
INFO: [ app_begin ] --START--
INFO: ReadHtmlCache Behavior ::run [ RunTime:0.031183s ]
INFO: [ app_begin ] --END-- [ RunTime:0.031597s ]
SQL: SELECT * FROM `book_siteset` WHERE ( `id` = 1 ) LIMIT 1   [ RunTime:0.026201s ]
INFO: [ view_parse ] --START--
INFO: ParseTemplate Behavior ::run [ RunTime:0.304544s ]
INFO: [ view_parse ] --END-- [ RunTime:0.304754s ]
INFO: [ view_filter ] --START--
INFO: ContentReplace Behavior ::run [ RunTime:0.014008s ]
INFO: TokenBuild Behavior ::run [ RunTime:0.018714s ]
INFO: WriteHtmlCache Behavior ::run [ RunTime:0.025373s ]
INFO: ShowRuntime Behavior ::run [ RunTime:0.037071s ]
INFO: [ view_filter ] --END-- [ RunTime:0.095537s ]
INFO: [ view_end ] --START--
INFO: ShowPageTrace Behavior ::run [ RunTime:0.001230s ]
INFO: [ view_end ] --END-- [ RunTime:0.001330s ]

[ 2020-04-02T17:49:09+08:00 ] 0.0.0.0 /book/index.php/member/loginout
INFO: [ route_check ] --START--
INFO: CheckRoute Behavior ::run [ RunTime:0.065138s ]
INFO: [ route_check ] --END-- [ RunTime:0.090203s ]
INFO: [ app_begin ] --START--
INFO: ReadHtmlCache Behavior ::run [ RunTime:0.031312s ]
INFO: [ app_begin ] --END-- [ RunTime:0.031652s ]
SQL: SELECT * FROM `book_siteset` WHERE ( `id` = 1 ) LIMIT 1   [ RunTime:0.049074s ]
INFO: [ view_parse ] --START--
INFO: ParseTemplate Behavior ::run [ RunTime:0.328496s ]
INFO: [ view_parse ] --END-- [ RunTime:0.328676s ]
INFO: [ view_filter ] --START--
INFO: ContentReplace Behavior ::run [ RunTime:0.000621s ]
INFO: TokenBuild Behavior ::run [ RunTime:0.000760s ]
INFO: WriteHtmlCache Behavior ::run [ RunTime:0.000585s ]
INFO: ShowRuntime Behavior ::run [ RunTime:0.000754s ]
INFO: [ view_filter ] --END-- [ RunTime:0.002950s ]
INFO: [ view_end ] --START--
INFO: ShowPageTrace Behavior ::run [ RunTime:0.000820s ]
INFO: [ view_end ] --END-- [ RunTime:0.000930s ]

[ 2020-04-02T17:49:12+08:00 ] 0.0.0.0 /book/index.php/member/login
INFO: [ route_check ] --START--
INFO: CheckRoute Behavior ::run [ RunTime:0.000912s ]
INFO: [ route_check ] --END-- [ RunTime:0.001041s ]
INFO: [ app_begin ] --START--
INFO: ReadHtmlCache Behavior ::run [ RunTime:0.000503s ]
INFO: [ app_begin ] --END-- [ RunTime:0.000607s ]
SQL: SELECT * FROM `book_siteset` WHERE ( `id` = 1 ) LIMIT 1   [ RunTime:0.000513s ]
INFO: [ view_parse ] --START--
SQL: SHOW COLUMNS FROM `book_letter` [ RunTime:0.393512s ]
SQL: SHOW COLUMNS FROM `book_menu` [ RunTime:0.046324s ]
SQL: SELECT * FROM `book_menu` WHERE ( status=1 and position='header' ) ORDER BY ordernum asc LIMIT 7   [ RunTime:0.179338s ]
SQL: SHOW COLUMNS FROM `book_cats` [ RunTime:0.017499s ]
SQL: SELECT * FROM `book_cats` WHERE ( type=0 and status=1 ) ORDER BY ordernum asc  [ RunTime:0.095907s ]
NOTIC: [8] Undefined variable: catlist D:\wamp\www\book\index\Common\common.php 第 27 行.
SQL: SELECT * FROM `book_menu` WHERE ( status=1 and position='footer' ) ORDER BY ordernum asc LIMIT 7   [ RunTime:0.016624s ]
NOTIC: [8] Undefined variable: catlist D:\wamp\www\book\index\Common\common.php 第 48 行.
INFO: ParseTemplate Behavior ::run [ RunTime:0.942042s ]
INFO: [ view_parse ] --END-- [ RunTime:0.942294s ]
INFO: [ view_filter ] --START--
INFO: ContentReplace Behavior ::run [ RunTime:0.000668s ]
INFO: TokenBuild Behavior ::run [ RunTime:0.000399s ]
INFO: WriteHtmlCache Behavior ::run [ RunTime:0.000299s ]
INFO: ShowRuntime Behavior ::run [ RunTime:0.000476s ]
INFO: [ view_filter ] --END-- [ RunTime:0.002061s ]
INFO: [ view_end ] --START--
INFO: ShowPageTrace Behavior ::run [ RunTime:0.000828s ]
INFO: [ view_end ] --END-- [ RunTime:0.000906s ]

[ 2020-04-02T17:49:14+08:00 ] 0.0.0.0 /book/index.php/Public/verify/
INFO: [ route_check ] --START--
INFO: CheckRoute Behavior ::run [ RunTime:0.000923s ]
INFO: [ route_check ] --END-- [ RunTime:0.001086s ]
INFO: [ app_begin ] --START--
INFO: ReadHtmlCache Behavior ::run [ RunTime:0.000629s ]
INFO: [ app_begin ] --END-- [ RunTime:0.000742s ]
SQL: SELECT * FROM `book_siteset` WHERE ( `id` = 1 ) LIMIT 1   [ RunTime:0.000578s ]

[ 2020-04-02T17:49:28+08:00 ] 0.0.0.0 /book/index.php/member/reg.html
INFO: [ route_check ] --START--
INFO: CheckRoute Behavior ::run [ RunTime:0.000897s ]
INFO: [ route_check ] --END-- [ RunTime:0.001030s ]
INFO: [ app_begin ] --START--
INFO: ReadHtmlCache Behavior ::run [ RunTime:0.000569s ]
INFO: [ app_begin ] --END-- [ RunTime:0.000667s ]
SQL: SELECT * FROM `book_siteset` WHERE ( `id` = 1 ) LIMIT 1   [ RunTime:0.000643s ]
INFO: [ view_parse ] --START--
SQL: SHOW COLUMNS FROM `book_letter` [ RunTime:0.026164s ]
SQL: SHOW COLUMNS FROM `book_menu` [ RunTime:0.012300s ]
SQL: SELECT * FROM `book_menu` WHERE ( status=1 and position='header' ) ORDER BY ordernum asc LIMIT 7   [ RunTime:0.010366s ]
SQL: SHOW COLUMNS FROM `book_cats` [ RunTime:0.015975s ]
SQL: SELECT * FROM `book_cats` WHERE ( type=0 and status=1 ) ORDER BY ordernum asc  [ RunTime:0.000760s ]
NOTIC: [8] Undefined variable: catlist D:\wamp\www\book\index\Common\common.php 第 27 行.
SQL: SELECT * FROM `book_menu` WHERE ( status=1 and position='footer' ) ORDER BY ordernum asc LIMIT 7   [ RunTime:0.001364s ]
NOTIC: [8] Undefined variable: catlist D:\wamp\www\book\index\Common\common.php 第 48 行.
INFO: ParseTemplate Behavior ::run [ RunTime:0.139446s ]
INFO: [ view_parse ] --END-- [ RunTime:0.139639s ]
INFO: [ view_filter ] --START--
INFO: ContentReplace Behavior ::run [ RunTime:0.001189s ]
INFO: TokenBuild Behavior ::run [ RunTime:0.000593s ]
INFO: WriteHtmlCache Behavior ::run [ RunTime:0.000414s ]
INFO: ShowRuntime Behavior ::run [ RunTime:0.000656s ]
INFO: [ view_filter ] --END-- [ RunTime:0.003182s ]
INFO: [ view_end ] --START--
INFO: ShowPageTrace Behavior ::run [ RunTime:0.001040s ]
INFO: [ view_end ] --END-- [ RunTime:0.001146s ]

[ 2020-04-02T17:49:29+08:00 ] 0.0.0.0 /book/index.php/Public/verify/
INFO: [ route_check ] --START--
INFO: CheckRoute Behavior ::run [ RunTime:0.001188s ]
INFO: [ route_check ] --END-- [ RunTime:0.001283s ]
INFO: [ app_begin ] --START--
INFO: ReadHtmlCache Behavior ::run [ RunTime:0.000896s ]
INFO: [ app_begin ] --END-- [ RunTime:0.001007s ]
SQL: SELECT * FROM `book_siteset` WHERE ( `id` = 1 ) LIMIT 1   [ RunTime:0.000588s ]

[ 2020-04-02T17:58:36+08:00 ] 0.0.0.0 /book/
INFO: [ app_begin ] --START--
INFO: ReadHtmlCache Behavior ::run [ RunTime:0.002039s ]
INFO: [ app_begin ] --END-- [ RunTime:0.002167s ]
SQL: SELECT * FROM `book_siteset` WHERE ( `id` = 1 ) LIMIT 1   [ RunTime:0.001102s ]
SQL: SHOW COLUMNS FROM `book_notice` [ RunTime:0.107532s ]
SQL: SELECT * FROM `book_notice` LIMIT 8   [ RunTime:0.001239s ]
SQL: SHOW COLUMNS FROM `book_book` [ RunTime:0.051782s ]
SQL: SELECT * FROM book_book as a,book_cats as b WHERE ( a.book_cat=b.cat_id and a.flags like '%a%' ) LIMIT 7   [ RunTime:0.147631s ]
SQL: SELECT * FROM book_book as a,book_cats as b WHERE ( a.book_cat=b.cat_id and a.progress=59 ) ORDER BY a.public_time LIMIT 7   [ RunTime:0.013350s ]
SQL: SELECT * FROM book_book as a,book_cats as b WHERE ( a.book_cat=b.cat_id and a.flags like '%b%' ) LIMIT 3   [ RunTime:0.001607s ]
SQL: SELECT * FROM book_book as a,book_cats as b WHERE ( a.book_cat=b.cat_id ) ORDER BY a.public_time LIMIT 12   [ RunTime:0.015059s ]
SQL: SELECT * FROM book_book as a,book_cats as b WHERE ( a.book_cat=b.cat_id and a.flags like '%c%' )  [ RunTime:0.000763s ]
SQL: SELECT * FROM book_book as a,book_cats as b WHERE ( a.book_cat=b.cat_id and a.flags like '%d%' )  [ RunTime:0.006589s ]
SQL: SHOW COLUMNS FROM `book_book` [ RunTime:0.023564s ]
SQL: SELECT * FROM `book_book`  [ RunTime:0.001276s ]
SQL: SHOW COLUMNS FROM `book_user` [ RunTime:0.080526s ]
SQL: SELECT `user_name` FROM `book_user` WHERE ( 1=1 AND user_id='0' ) LIMIT 1   [ RunTime:0.025950s ]
SQL: SHOW COLUMNS FROM `book_cats` [ RunTime:0.007326s ]
SQL: SELECT `cat_sortname` FROM `book_cats` WHERE ( 1=1 AND cat_id='1' ) LIMIT 1   [ RunTime:0.000815s ]
SQL: SHOW COLUMNS FROM `book_chapter` [ RunTime:0.018843s ]
SQL: SELECT `chapter_title` FROM `book_chapter` WHERE ( 1=1 AND book_id='70' ) ORDER BY update_time desc LIMIT 1   [ RunTime:0.065173s ]
SQL: SELECT `user_name` FROM `book_user` WHERE ( 1=1 AND user_id='0' ) LIMIT 1   [ RunTime:0.001497s ]
SQL: SELECT `cat_sortname` FROM `book_cats` WHERE ( 1=1 AND cat_id='49' ) LIMIT 1   [ RunTime:0.012028s ]
SQL: SELECT `chapter_title` FROM `book_chapter` WHERE ( 1=1 AND book_id='82' ) ORDER BY update_time desc LIMIT 1   [ RunTime:0.001445s ]
SQL: SELECT `user_name` FROM `book_user` WHERE ( 1=1 AND user_id='0' ) LIMIT 1   [ RunTime:0.001082s ]
SQL: SELECT `cat_sortname` FROM `book_cats` WHERE ( 1=1 AND cat_id='6' ) LIMIT 1   [ RunTime:0.001309s ]
SQL: SELECT `chapter_title` FROM `book_chapter` WHERE ( 1=1 AND book_id='83' ) ORDER BY update_time desc LIMIT 1   [ RunTime:0.001588s ]
SQL: SELECT `user_name` FROM `book_user` WHERE ( 1=1 AND user_id='0' ) LIMIT 1   [ RunTime:0.001149s ]
SQL: SELECT `cat_sortname` FROM `book_cats` WHERE ( 1=1 AND cat_id='4' ) LIMIT 1   [ RunTime:0.008234s ]
SQL: SELECT `chapter_title` FROM `book_chapter` WHERE ( 1=1 AND book_id='84' ) ORDER BY update_time desc LIMIT 1   [ RunTime:0.001226s ]
SQL: SELECT `user_name` FROM `book_user` WHERE ( 1=1 AND user_id='0' ) LIMIT 1   [ RunTime:0.001038s ]
SQL: SELECT `cat_sortname` FROM `book_cats` WHERE ( 1=1 AND cat_id='50' ) LIMIT 1   [ RunTime:0.003795s ]
SQL: SELECT `chapter_title` FROM `book_chapter` WHERE ( 1=1 AND book_id='85' ) ORDER BY update_time desc LIMIT 1   [ RunTime:0.001580s ]
SQL: SELECT `user_name` FROM `book_user` WHERE ( 1=1 AND user_id='0' ) LIMIT 1   [ RunTime:0.001053s ]
SQL: SELECT `cat_sortname` FROM `book_cats` WHERE ( 1=1 AND cat_id='2' ) LIMIT 1   [ RunTime:0.001049s ]
SQL: SELECT `chapter_title` FROM `book_chapter` WHERE ( 1=1 AND book_id='86' ) ORDER BY update_time desc LIMIT 1   [ RunTime:0.001208s ]
SQL: SELECT * FROM `book_book` ORDER BY hits asc  [ RunTime:0.002557s ]
SQL: SHOW COLUMNS FROM `book_comment` [ RunTime:0.027726s ]
SQL: SELECT * FROM `book_comment` ORDER BY time desc  [ RunTime:0.061785s ]
SQL: SELECT `user_name` FROM `book_user` WHERE ( 1=1 AND user_id='72' ) LIMIT 1   [ RunTime:0.001779s ]
NOTIC: [8] Undefined index: book_cat D:\wamp\www\book\ThinkPHP\Extend\Model\RelationModel.class.php 第 164 行.
SQL: SELECT `cat_sortname` FROM `book_cats` WHERE ( 1=1 AND cat_id='' ) LIMIT 1   [ RunTime:0.001232s ]
SQL: SELECT `book_name` FROM `book_book` WHERE ( 1=1 AND book_id='70' ) LIMIT 1   [ RunTime:0.000823s ]
SQL: SELECT `user_name` FROM `book_user` WHERE ( 1=1 AND user_id='72' ) LIMIT 1   [ RunTime:0.000689s ]
NOTIC: [8] Undefined index: book_cat D:\wamp\www\book\ThinkPHP\Extend\Model\RelationModel.class.php 第 164 行.
SQL: SELECT `cat_sortname` FROM `book_cats` WHERE ( 1=1 AND cat_id='' ) LIMIT 1   [ RunTime:0.000658s ]
SQL: SELECT `book_name` FROM `book_book` WHERE ( 1=1 AND book_id='27' ) LIMIT 1   [ RunTime:0.000888s ]
SQL: SELECT `user_name` FROM `book_user` WHERE ( 1=1 AND user_id='27' ) LIMIT 1   [ RunTime:0.000928s ]
NOTIC: [8] Undefined index: book_cat D:\wamp\www\book\ThinkPHP\Extend\Model\RelationModel.class.php 第 164 行.
SQL: SELECT `cat_sortname` FROM `book_cats` WHERE ( 1=1 AND cat_id='' ) LIMIT 1   [ RunTime:0.001001s ]
SQL: SELECT `book_name` FROM `book_book` WHERE ( 1=1 AND book_id='33' ) LIMIT 1   [ RunTime:0.000980s ]
SQL: SELECT `user_name` FROM `book_user` WHERE ( 1=1 AND user_id='36' ) LIMIT 1   [ RunTime:0.000722s ]
NOTIC: [8] Undefined index: book_cat D:\wamp\www\book\ThinkPHP\Extend\Model\RelationModel.class.php 第 164 行.
SQL: SELECT `cat_sortname` FROM `book_cats` WHERE ( 1=1 AND cat_id='' ) LIMIT 1   [ RunTime:0.000656s ]
SQL: SELECT `book_name` FROM `book_book` WHERE ( 1=1 AND book_id='33' ) LIMIT 1   [ RunTime:0.000662s ]
SQL: SELECT `user_name` FROM `book_user` WHERE ( 1=1 AND user_id='36' ) LIMIT 1   [ RunTime:0.000651s ]
NOTIC: [8] Undefined index: book_cat D:\wamp\www\book\ThinkPHP\Extend\Model\RelationModel.class.php 第 164 行.
SQL: SELECT `cat_sortname` FROM `book_cats` WHERE ( 1=1 AND cat_id='' ) LIMIT 1   [ RunTime:0.000646s ]
SQL: SELECT `book_name` FROM `book_book` WHERE ( 1=1 AND book_id='33' ) LIMIT 1   [ RunTime:0.000635s ]
SQL: SELECT `user_name` FROM `book_user` WHERE ( 1=1 AND user_id='36' ) LIMIT 1   [ RunTime:0.000688s ]
NOTIC: [8] Undefined index: book_cat D:\wamp\www\book\ThinkPHP\Extend\Model\RelationModel.class.php 第 164 行.
SQL: SELECT `cat_sortname` FROM `book_cats` WHERE ( 1=1 AND cat_id='' ) LIMIT 1   [ RunTime:0.000662s ]
SQL: SELECT `book_name` FROM `book_book` WHERE ( 1=1 AND book_id='33' ) LIMIT 1   [ RunTime:0.000679s ]
SQL: SELECT `user_name` FROM `book_user` WHERE ( 1=1 AND user_id='36' ) LIMIT 1   [ RunTime:0.000703s ]
NOTIC: [8] Undefined index: book_cat D:\wamp\www\book\ThinkPHP\Extend\Model\RelationModel.class.php 第 164 行.
SQL: SELECT `cat_sortname` FROM `book_cats` WHERE ( 1=1 AND cat_id='' ) LIMIT 1   [ RunTime:0.001247s ]
SQL: SELECT `book_name` FROM `book_book` WHERE ( 1=1 AND book_id='33' ) LIMIT 1   [ RunTime:0.001205s ]
SQL: SHOW COLUMNS FROM `book_user_info` [ RunTime:0.085528s ]
SQL: SELECT * FROM `book_user_info` ORDER BY user_score desc  [ RunTime:0.021632s ]
SQL: SHOW COLUMNS FROM `book_link` [ RunTime:0.056222s ]
SQL: SELECT * FROM `book_link` WHERE ( status=1 ) LIMIT 32   [ RunTime:0.014973s ]
INFO: [ view_parse ] --START--
SQL: SHOW COLUMNS FROM `book_letter` [ RunTime:0.039015s ]
SQL: SHOW COLUMNS FROM `book_menu` [ RunTime:0.038197s ]
SQL: SELECT * FROM `book_menu` WHERE ( status=1 and position='header' ) ORDER BY ordernum asc LIMIT 7   [ RunTime:0.000824s ]
SQL: SELECT * FROM `book_cats` WHERE ( type=0 and status=1 ) ORDER BY ordernum asc  [ RunTime:0.000785s ]
NOTIC: [8] Undefined variable: catlist D:\wamp\www\book\index\Common\common.php 第 27 行.
NOTIC: [8] Undefined index: chapter_title D:\wamp\www\book\index\Runtime\Cache\6f9ff6e3cd1727a9c4c714dfe3682b60.php 第 246 行.
NOTIC: [8] Undefined index: chapter_title D:\wamp\www\book\index\Runtime\Cache\6f9ff6e3cd1727a9c4c714dfe3682b60.php 第 246 行.
NOTIC: [8] Undefined index: chapter_title D:\wamp\www\book\index\Runtime\Cache\6f9ff6e3cd1727a9c4c714dfe3682b60.php 第 246 行.
NOTIC: [8] Undefined index: chapter_title D:\wamp\www\book\index\Runtime\Cache\6f9ff6e3cd1727a9c4c714dfe3682b60.php 第 246 行.
NOTIC: [8] Undefined index: chapter_title D:\wamp\www\book\index\Runtime\Cache\6f9ff6e3cd1727a9c4c714dfe3682b60.php 第 246 行.
SQL: SELECT * FROM `book_menu` WHERE ( status=1 and position='footer' ) ORDER BY ordernum asc LIMIT 7   [ RunTime:0.000933s ]
NOTIC: [8] Undefined variable: catlist D:\wamp\www\book\index\Common\common.php 第 48 行.
INFO: ParseTemplate Behavior ::run [ RunTime:0.158147s ]
INFO: [ view_parse ] --END-- [ RunTime:0.158254s ]
INFO: [ view_filter ] --START--
INFO: ContentReplace Behavior ::run [ RunTime:0.000939s ]
INFO: TokenBuild Behavior ::run [ RunTime:0.000785s ]
INFO: WriteHtmlCache Behavior ::run [ RunTime:0.000643s ]
INFO: ShowRuntime Behavior ::run [ RunTime:0.000773s ]
INFO: [ view_filter ] --END-- [ RunTime:0.003361s ]
INFO: [ view_end ] --START--
INFO: ShowPageTrace Behavior ::run [ RunTime:0.000823s ]
INFO: [ view_end ] --END-- [ RunTime:0.000898s ]

[ 2020-04-02T18:06:11+08:00 ] 0.0.0.0 /book/index.php/bookInfo/index/book_id/82
INFO: [ route_check ] --START--
INFO: CheckRoute Behavior ::run [ RunTime:0.001674s ]
INFO: [ route_check ] --END-- [ RunTime:0.001843s ]
INFO: [ app_begin ] --START--
INFO: ReadHtmlCache Behavior ::run [ RunTime:0.001166s ]
INFO: [ app_begin ] --END-- [ RunTime:0.001330s ]
SQL: SHOW COLUMNS FROM `book_book` [ RunTime:0.011355s ]
SQL: SELECT * FROM `book_book` WHERE ( `book_id` = 82 )  [ RunTime:0.001086s ]
SQL: SHOW COLUMNS FROM `book_user` [ RunTime:0.037282s ]
SQL: SELECT `user_name` FROM `book_user` WHERE ( 1=1 AND user_id='0' ) LIMIT 1   [ RunTime:0.000858s ]
SQL: SHOW COLUMNS FROM `book_cats` [ RunTime:0.005868s ]
SQL: SELECT `cat_sortname` FROM `book_cats` WHERE ( 1=1 AND cat_id='49' ) LIMIT 1   [ RunTime:0.000526s ]
SQL: SHOW COLUMNS FROM `book_chapter` [ RunTime:0.008609s ]
SQL: SELECT `chapter_title` FROM `book_chapter` WHERE ( 1=1 AND book_id='82' ) ORDER BY update_time desc LIMIT 1   [ RunTime:0.003698s ]
NOTIC: [8] Use of undefined constant progress - assumed 'progress' D:\wamp\www\book\index\Lib\Action\BookInfoAction.class.php 第 21 行.
SQL: SHOW COLUMNS FROM `book_cats` [ RunTime:0.008750s ]
SQL: SELECT `cat_name` FROM `book_cats` WHERE ( `cat_id` = 56 ) LIMIT 1   [ RunTime:0.000436s ]
SQL: SHOW COLUMNS FROM `book_chapter` [ RunTime:0.007461s ]
SQL: SELECT * FROM `book_chapter` WHERE ( `book_id` = 82 ) AND ( `charge` = 0 ) ORDER BY update_time desc LIMIT 1   [ RunTime:0.000887s ]
SQL: SELECT * FROM `book_chapter` WHERE ( `book_id` = 82 ) AND ( `charge` = 1 ) ORDER BY update_time desc LIMIT 1   [ RunTime:0.001506s ]
SQL: SELECT * FROM `book_book` WHERE ( user_id=0 )  [ RunTime:0.035276s ]
SQL: SELECT `user_name` FROM `book_user` WHERE ( 1=1 AND user_id='0' ) LIMIT 1   [ RunTime:0.000623s ]
SQL: SELECT `cat_sortname` FROM `book_cats` WHERE ( 1=1 AND cat_id='1' ) LIMIT 1   [ RunTime:0.000448s ]
SQL: SELECT `chapter_title` FROM `book_chapter` WHERE ( 1=1 AND book_id='70' ) ORDER BY update_time desc LIMIT 1   [ RunTime:0.000510s ]
SQL: SELECT `user_name` FROM `book_user` WHERE ( 1=1 AND user_id='0' ) LIMIT 1   [ RunTime:0.000397s ]
SQL: SELECT `cat_sortname` FROM `book_cats` WHERE ( 1=1 AND cat_id='49' ) LIMIT 1   [ RunTime:0.000375s ]
SQL: SELECT `chapter_title` FROM `book_chapter` WHERE ( 1=1 AND book_id='82' ) ORDER BY update_time desc LIMIT 1   [ RunTime:0.000521s ]
SQL: SELECT `user_name` FROM `book_user` WHERE ( 1=1 AND user_id='0' ) LIMIT 1   [ RunTime:0.000451s ]
SQL: SELECT `cat_sortname` FROM `book_cats` WHERE ( 1=1 AND cat_id='6' ) LIMIT 1   [ RunTime:0.000504s ]
SQL: SELECT `chapter_title` FROM `book_chapter` WHERE ( 1=1 AND book_id='83' ) ORDER BY update_time desc LIMIT 1   [ RunTime:0.000568s ]
SQL: SELECT `user_name` FROM `book_user` WHERE ( 1=1 AND user_id='0' ) LIMIT 1   [ RunTime:0.013089s ]
SQL: SELECT `cat_sortname` FROM `book_cats` WHERE ( 1=1 AND cat_id='4' ) LIMIT 1   [ RunTime:0.000473s ]
SQL: SELECT `chapter_title` FROM `book_chapter` WHERE ( 1=1 AND book_id='84' ) ORDER BY update_time desc LIMIT 1   [ RunTime:0.000561s ]
SQL: SELECT `user_name` FROM `book_user` WHERE ( 1=1 AND user_id='0' ) LIMIT 1   [ RunTime:0.020778s ]
SQL: SELECT `cat_sortname` FROM `book_cats` WHERE ( 1=1 AND cat_id='50' ) LIMIT 1   [ RunTime:0.000966s ]
SQL: SELECT `chapter_title` FROM `book_chapter` WHERE ( 1=1 AND book_id='85' ) ORDER BY update_time desc LIMIT 1   [ RunTime:0.001063s ]
SQL: SELECT `user_name` FROM `book_user` WHERE ( 1=1 AND user_id='0' ) LIMIT 1   [ RunTime:0.003175s ]
SQL: SELECT `cat_sortname` FROM `book_cats` WHERE ( 1=1 AND cat_id='2' ) LIMIT 1   [ RunTime:0.000562s ]
SQL: SELECT `chapter_title` FROM `book_chapter` WHERE ( 1=1 AND book_id='86' ) ORDER BY update_time desc LIMIT 1   [ RunTime:0.000530s ]
SQL: SHOW COLUMNS FROM `book_comment` [ RunTime:0.008708s ]
SQL: SELECT COUNT(*) AS tp_count FROM `book_comment` WHERE ( book_id=82 ) LIMIT 1   [ RunTime:0.271698s ]
SQL: SELECT * FROM `book_comment` WHERE ( book_id=82 ) ORDER BY time desc LIMIT 0,5   [ RunTime:0.000456s ]
NOTIC: [8] Undefined index: user_name D:\wamp\www\book\index\Lib\Action\BookInfoAction.class.php 第 53 行.
INFO: [ view_parse ] --START--
SQL: SHOW COLUMNS FROM `book_letter` [ RunTime:0.013500s ]
SQL: SHOW COLUMNS FROM `book_menu` [ RunTime:0.015530s ]
SQL: SELECT * FROM `book_menu` WHERE ( status=1 and position='header' ) ORDER BY ordernum asc LIMIT 7   [ RunTime:0.001104s ]
SQL: SELECT * FROM `book_cats` WHERE ( type=0 and status=1 ) ORDER BY ordernum asc  [ RunTime:0.001341s ]
NOTIC: [8] Undefined variable: catlist D:\wamp\www\book\index\Common\common.php 第 27 行.
NOTIC: [8] Undefined index: cat_name D:\wamp\www\book\index\Runtime\Cache\d79adf291180336fad4d3a9f14758bfa.php 第 79 行.
SQL: SELECT * FROM `book_menu` WHERE ( status=1 and position='footer' ) ORDER BY ordernum asc LIMIT 7   [ RunTime:0.001081s ]
NOTIC: [8] Undefined variable: catlist D:\wamp\www\book\index\Common\common.php 第 48 行.
INFO: ParseTemplate Behavior ::run [ RunTime:0.335445s ]
INFO: [ view_parse ] --END-- [ RunTime:0.335670s ]
INFO: [ view_filter ] --START--
INFO: ContentReplace Behavior ::run [ RunTime:0.002294s ]
INFO: TokenBuild Behavior ::run [ RunTime:0.004611s ]
INFO: WriteHtmlCache Behavior ::run [ RunTime:0.003219s ]
INFO: ShowRuntime Behavior ::run [ RunTime:0.001737s ]
INFO: [ view_filter ] --END-- [ RunTime:0.012809s ]
INFO: [ view_end ] --START--
INFO: ShowPageTrace Behavior ::run [ RunTime:0.001405s ]
INFO: [ view_end ] --END-- [ RunTime:0.001567s ]

[ 2020-04-02T18:06:28+08:00 ] 0.0.0.0 /book/index.php/bookInfo/index/book_id/83
INFO: [ route_check ] --START--
INFO: CheckRoute Behavior ::run [ RunTime:0.001909s ]
INFO: [ route_check ] --END-- [ RunTime:0.002058s ]
INFO: [ app_begin ] --START--
INFO: ReadHtmlCache Behavior ::run [ RunTime:0.004839s ]
INFO: [ app_begin ] --END-- [ RunTime:0.005097s ]
SQL: SHOW COLUMNS FROM `book_book` [ RunTime:0.013922s ]
SQL: SELECT * FROM `book_book` WHERE ( `book_id` = 83 )  [ RunTime:0.000610s ]
SQL: SHOW COLUMNS FROM `book_user` [ RunTime:0.009204s ]
SQL: SELECT `user_name` FROM `book_user` WHERE ( 1=1 AND user_id='0' ) LIMIT 1   [ RunTime:0.000554s ]
SQL: SHOW COLUMNS FROM `book_cats` [ RunTime:0.005558s ]
SQL: SELECT `cat_sortname` FROM `book_cats` WHERE ( 1=1 AND cat_id='6' ) LIMIT 1   [ RunTime:0.000494s ]
SQL: SHOW COLUMNS FROM `book_chapter` [ RunTime:0.012059s ]
SQL: SELECT `chapter_title` FROM `book_chapter` WHERE ( 1=1 AND book_id='83' ) ORDER BY update_time desc LIMIT 1   [ RunTime:0.000685s ]
NOTIC: [8] Use of undefined constant progress - assumed 'progress' D:\wamp\www\book\index\Lib\Action\BookInfoAction.class.php 第 21 行.
SQL: SHOW COLUMNS FROM `book_cats` [ RunTime:0.013554s ]
SQL: SELECT `cat_name` FROM `book_cats` WHERE ( `cat_id` = 56 ) LIMIT 1   [ RunTime:0.000521s ]
SQL: SHOW COLUMNS FROM `book_chapter` [ RunTime:0.007755s ]
SQL: SELECT * FROM `book_chapter` WHERE ( `book_id` = 83 ) AND ( `charge` = 0 ) ORDER BY update_time desc LIMIT 1   [ RunTime:0.015989s ]
SQL: SELECT * FROM `book_chapter` WHERE ( `book_id` = 83 ) AND ( `charge` = 1 ) ORDER BY update_time desc LIMIT 1   [ RunTime:0.002567s ]
SQL: SELECT * FROM `book_book` WHERE ( user_id=0 )  [ RunTime:0.013786s ]
SQL: SELECT `user_name` FROM `book_user` WHERE ( 1=1 AND user_id='0' ) LIMIT 1   [ RunTime:0.000554s ]
SQL: SELECT `cat_sortname` FROM `book_cats` WHERE ( 1=1 AND cat_id='1' ) LIMIT 1   [ RunTime:0.000677s ]
SQL: SELECT `chapter_title` FROM `book_chapter` WHERE ( 1=1 AND book_id='70' ) ORDER BY update_time desc LIMIT 1   [ RunTime:0.000795s ]
SQL: SELECT `user_name` FROM `book_user` WHERE ( 1=1 AND user_id='0' ) LIMIT 1   [ RunTime:0.000562s ]
SQL: SELECT `cat_sortname` FROM `book_cats` WHERE ( 1=1 AND cat_id='49' ) LIMIT 1   [ RunTime:0.000411s ]
SQL: SELECT `chapter_title` FROM `book_chapter` WHERE ( 1=1 AND book_id='82' ) ORDER BY update_time desc LIMIT 1   [ RunTime:0.000441s ]
SQL: SELECT `user_name` FROM `book_user` WHERE ( 1=1 AND user_id='0' ) LIMIT 1   [ RunTime:0.000433s ]
SQL: SELECT `cat_sortname` FROM `book_cats` WHERE ( 1=1 AND cat_id='6' ) LIMIT 1   [ RunTime:0.000419s ]
SQL: SELECT `chapter_title` FROM `book_chapter` WHERE ( 1=1 AND book_id='83' ) ORDER BY update_time desc LIMIT 1   [ RunTime:0.000467s ]
SQL: SELECT `user_name` FROM `book_user` WHERE ( 1=1 AND user_id='0' ) LIMIT 1   [ RunTime:0.000427s ]
SQL: SELECT `cat_sortname` FROM `book_cats` WHERE ( 1=1 AND cat_id='4' ) LIMIT 1   [ RunTime:0.000414s ]
SQL: SELECT `chapter_title` FROM `book_chapter` WHERE ( 1=1 AND book_id='84' ) ORDER BY update_time desc LIMIT 1   [ RunTime:0.000478s ]
SQL: SELECT `user_name` FROM `book_user` WHERE ( 1=1 AND user_id='0' ) LIMIT 1   [ RunTime:0.000432s ]
SQL: SELECT `cat_sortname` FROM `book_cats` WHERE ( 1=1 AND cat_id='50' ) LIMIT 1   [ RunTime:0.000766s ]
SQL: SELECT `chapter_title` FROM `book_chapter` WHERE ( 1=1 AND book_id='85' ) ORDER BY update_time desc LIMIT 1   [ RunTime:0.001491s ]
SQL: SELECT `user_name` FROM `book_user` WHERE ( 1=1 AND user_id='0' ) LIMIT 1   [ RunTime:0.001380s ]
SQL: SELECT `cat_sortname` FROM `book_cats` WHERE ( 1=1 AND cat_id='2' ) LIMIT 1   [ RunTime:0.000501s ]
SQL: SELECT `chapter_title` FROM `book_chapter` WHERE ( 1=1 AND book_id='86' ) ORDER BY update_time desc LIMIT 1   [ RunTime:0.000454s ]
SQL: SHOW COLUMNS FROM `book_comment` [ RunTime:0.005330s ]
SQL: SELECT COUNT(*) AS tp_count FROM `book_comment` WHERE ( book_id=83 ) LIMIT 1   [ RunTime:0.001941s ]
SQL: SELECT * FROM `book_comment` WHERE ( book_id=83 ) ORDER BY time desc LIMIT 0,5   [ RunTime:0.002825s ]
NOTIC: [8] Undefined index: user_name D:\wamp\www\book\index\Lib\Action\BookInfoAction.class.php 第 53 行.
INFO: [ view_parse ] --START--
SQL: SHOW COLUMNS FROM `book_letter` [ RunTime:0.008677s ]
SQL: SHOW COLUMNS FROM `book_menu` [ RunTime:0.005675s ]
SQL: SELECT * FROM `book_menu` WHERE ( status=1 and position='header' ) ORDER BY ordernum asc LIMIT 7   [ RunTime:0.000494s ]
SQL: SELECT * FROM `book_cats` WHERE ( type=0 and status=1 ) ORDER BY ordernum asc  [ RunTime:0.000418s ]
NOTIC: [8] Undefined variable: catlist D:\wamp\www\book\index\Common\common.php 第 27 行.
NOTIC: [8] Undefined index: cat_name D:\wamp\www\book\index\Runtime\Cache\d79adf291180336fad4d3a9f14758bfa.php 第 79 行.
SQL: SELECT * FROM `book_menu` WHERE ( status=1 and position='footer' ) ORDER BY ordernum asc LIMIT 7   [ RunTime:0.000428s ]
NOTIC: [8] Undefined variable: catlist D:\wamp\www\book\index\Common\common.php 第 48 行.
INFO: ParseTemplate Behavior ::run [ RunTime:0.040518s ]
INFO: [ view_parse ] --END-- [ RunTime:0.040612s ]
INFO: [ view_filter ] --START--
INFO: ContentReplace Behavior ::run [ RunTime:0.000960s ]
INFO: TokenBuild Behavior ::run [ RunTime:0.001251s ]
INFO: WriteHtmlCache Behavior ::run [ RunTime:0.000999s ]
INFO: ShowRuntime Behavior ::run [ RunTime:0.003859s ]
INFO: [ view_filter ] --END-- [ RunTime:0.007764s ]
INFO: [ view_end ] --START--
INFO: ShowPageTrace Behavior ::run [ RunTime:0.000957s ]
INFO: [ view_end ] --END-- [ RunTime:0.001044s ]

[ 2020-04-02T18:13:45+08:00 ] 0.0.0.0 /book/
INFO: [ app_begin ] --START--
INFO: ReadHtmlCache Behavior ::run [ RunTime:0.000888s ]
INFO: [ app_begin ] --END-- [ RunTime:0.001044s ]
SQL: SELECT * FROM `book_siteset` WHERE ( `id` = 1 ) LIMIT 1   [ RunTime:0.000772s ]
SQL: SHOW COLUMNS FROM `book_notice` [ RunTime:0.010040s ]
SQL: SELECT * FROM `book_notice` LIMIT 8   [ RunTime:0.002464s ]
SQL: SHOW COLUMNS FROM `book_book` [ RunTime:0.008321s ]
SQL: SELECT * FROM book_book as a,book_cats as b WHERE ( a.book_cat=b.cat_id and a.flags like '%a%' ) LIMIT 7   [ RunTime:0.000704s ]
SQL: SELECT * FROM book_book as a,book_cats as b WHERE ( a.book_cat=b.cat_id and a.progress=59 ) ORDER BY a.public_time LIMIT 7   [ RunTime:0.000457s ]
SQL: SELECT * FROM book_book as a,book_cats as b WHERE ( a.book_cat=b.cat_id and a.flags like '%b%' ) LIMIT 3   [ RunTime:0.000424s ]
SQL: SELECT * FROM book_book as a,book_cats as b WHERE ( a.book_cat=b.cat_id ) ORDER BY a.public_time LIMIT 12   [ RunTime:0.000634s ]
SQL: SELECT * FROM book_book as a,book_cats as b WHERE ( a.book_cat=b.cat_id and a.flags like '%c%' )  [ RunTime:0.000447s ]
SQL: SELECT * FROM book_book as a,book_cats as b WHERE ( a.book_cat=b.cat_id and a.flags like '%d%' )  [ RunTime:0.000577s ]
SQL: SHOW COLUMNS FROM `book_book` [ RunTime:0.008444s ]
SQL: SELECT * FROM `book_book`  [ RunTime:0.000725s ]
SQL: SHOW COLUMNS FROM `book_user` [ RunTime:0.005324s ]
SQL: SELECT `user_name` FROM `book_user` WHERE ( 1=1 AND user_id='0' ) LIMIT 1   [ RunTime:0.000414s ]
SQL: SHOW COLUMNS FROM `book_cats` [ RunTime:0.007080s ]
SQL: SELECT `cat_sortname` FROM `book_cats` WHERE ( 1=1 AND cat_id='1' ) LIMIT 1   [ RunTime:0.000497s ]
SQL: SHOW COLUMNS FROM `book_chapter` [ RunTime:0.005464s ]
SQL: SELECT `chapter_title` FROM `book_chapter` WHERE ( 1=1 AND book_id='70' ) ORDER BY update_time desc LIMIT 1   [ RunTime:0.000485s ]
SQL: SELECT `user_name` FROM `book_user` WHERE ( 1=1 AND user_id='0' ) LIMIT 1   [ RunTime:0.000431s ]
SQL: SELECT `cat_sortname` FROM `book_cats` WHERE ( 1=1 AND cat_id='1' ) LIMIT 1   [ RunTime:0.000436s ]
SQL: SELECT `chapter_title` FROM `book_chapter` WHERE ( 1=1 AND book_id='82' ) ORDER BY update_time desc LIMIT 1   [ RunTime:0.000429s ]
SQL: SELECT `user_name` FROM `book_user` WHERE ( 1=1 AND user_id='0' ) LIMIT 1   [ RunTime:0.000332s ]
SQL: SELECT `cat_sortname` FROM `book_cats` WHERE ( 1=1 AND cat_id='6' ) LIMIT 1   [ RunTime:0.000369s ]
SQL: SELECT `chapter_title` FROM `book_chapter` WHERE ( 1=1 AND book_id='83' ) ORDER BY update_time desc LIMIT 1   [ RunTime:0.000565s ]
SQL: SELECT `user_name` FROM `book_user` WHERE ( 1=1 AND user_id='0' ) LIMIT 1   [ RunTime:0.000471s ]
SQL: SELECT `cat_sortname` FROM `book_cats` WHERE ( 1=1 AND cat_id='4' ) LIMIT 1   [ RunTime:0.000375s ]
SQL: SELECT `chapter_title` FROM `book_chapter` WHERE ( 1=1 AND book_id='84' ) ORDER BY update_time desc LIMIT 1   [ RunTime:0.000446s ]
SQL: SELECT `user_name` FROM `book_user` WHERE ( 1=1 AND user_id='0' ) LIMIT 1   [ RunTime:0.000364s ]
SQL: SELECT `cat_sortname` FROM `book_cats` WHERE ( 1=1 AND cat_id='50' ) LIMIT 1   [ RunTime:0.000362s ]
SQL: SELECT `chapter_title` FROM `book_chapter` WHERE ( 1=1 AND book_id='85' ) ORDER BY update_time desc LIMIT 1   [ RunTime:0.000551s ]
SQL: SELECT `user_name` FROM `book_user` WHERE ( 1=1 AND user_id='0' ) LIMIT 1   [ RunTime:0.000488s ]
SQL: SELECT `cat_sortname` FROM `book_cats` WHERE ( 1=1 AND cat_id='2' ) LIMIT 1   [ RunTime:0.000400s ]
SQL: SELECT `chapter_title` FROM `book_chapter` WHERE ( 1=1 AND book_id='86' ) ORDER BY update_time desc LIMIT 1   [ RunTime:0.000416s ]
SQL: SELECT `user_name` FROM `book_user` WHERE ( 1=1 AND user_id='0' ) LIMIT 1   [ RunTime:0.000344s ]
SQL: SELECT `cat_sortname` FROM `book_cats` WHERE ( 1=1 AND cat_id='1' ) LIMIT 1   [ RunTime:0.000409s ]
SQL: SELECT `chapter_title` FROM `book_chapter` WHERE ( 1=1 AND book_id='87' ) ORDER BY update_time desc LIMIT 1   [ RunTime:0.000444s ]
SQL: SELECT * FROM `book_book` ORDER BY hits asc  [ RunTime:0.016293s ]
SQL: SHOW COLUMNS FROM `book_comment` [ RunTime:0.005162s ]
SQL: SELECT * FROM `book_comment` ORDER BY time desc  [ RunTime:0.000692s ]
SQL: SELECT `user_name` FROM `book_user` WHERE ( 1=1 AND user_id='72' ) LIMIT 1   [ RunTime:0.000399s ]
NOTIC: [8] Undefined index: book_cat D:\wamp\www\book\ThinkPHP\Extend\Model\RelationModel.class.php 第 164 行.
SQL: SELECT `cat_sortname` FROM `book_cats` WHERE ( 1=1 AND cat_id='' ) LIMIT 1   [ RunTime:0.000497s ]
SQL: SELECT `book_name` FROM `book_book` WHERE ( 1=1 AND book_id='70' ) LIMIT 1   [ RunTime:0.000412s ]
SQL: SELECT `user_name` FROM `book_user` WHERE ( 1=1 AND user_id='72' ) LIMIT 1   [ RunTime:0.000427s ]
NOTIC: [8] Undefined index: book_cat D:\wamp\www\book\ThinkPHP\Extend\Model\RelationModel.class.php 第 164 行.
SQL: SELECT `cat_sortname` FROM `book_cats` WHERE ( 1=1 AND cat_id='' ) LIMIT 1   [ RunTime:0.000361s ]
SQL: SELECT `book_name` FROM `book_book` WHERE ( 1=1 AND book_id='27' ) LIMIT 1   [ RunTime:0.000533s ]
SQL: SELECT `user_name` FROM `book_user` WHERE ( 1=1 AND user_id='27' ) LIMIT 1   [ RunTime:0.000462s ]
NOTIC: [8] Undefined index: book_cat D:\wamp\www\book\ThinkPHP\Extend\Model\RelationModel.class.php 第 164 行.
SQL: SELECT `cat_sortname` FROM `book_cats` WHERE ( 1=1 AND cat_id='' ) LIMIT 1   [ RunTime:0.000423s ]
SQL: SELECT `book_name` FROM `book_book` WHERE ( 1=1 AND book_id='33' ) LIMIT 1   [ RunTime:0.000345s ]
SQL: SELECT `user_name` FROM `book_user` WHERE ( 1=1 AND user_id='36' ) LIMIT 1   [ RunTime:0.000343s ]
NOTIC: [8] Undefined index: book_cat D:\wamp\www\book\ThinkPHP\Extend\Model\RelationModel.class.php 第 164 行.
SQL: SELECT `cat_sortname` FROM `book_cats` WHERE ( 1=1 AND cat_id='' ) LIMIT 1   [ RunTime:0.000336s ]
SQL: SELECT `book_name` FROM `book_book` WHERE ( 1=1 AND book_id='33' ) LIMIT 1   [ RunTime:0.000363s ]
SQL: SELECT `user_name` FROM `book_user` WHERE ( 1=1 AND user_id='36' ) LIMIT 1   [ RunTime:0.010026s ]
NOTIC: [8] Undefined index: book_cat D:\wamp\www\book\ThinkPHP\Extend\Model\RelationModel.class.php 第 164 行.
SQL: SELECT `cat_sortname` FROM `book_cats` WHERE ( 1=1 AND cat_id='' ) LIMIT 1   [ RunTime:0.000452s ]
SQL: SELECT `book_name` FROM `book_book` WHERE ( 1=1 AND book_id='33' ) LIMIT 1   [ RunTime:0.000381s ]
SQL: SELECT `user_name` FROM `book_user` WHERE ( 1=1 AND user_id='36' ) LIMIT 1   [ RunTime:0.000406s ]
NOTIC: [8] Undefined index: book_cat D:\wamp\www\book\ThinkPHP\Extend\Model\RelationModel.class.php 第 164 行.
SQL: SELECT `cat_sortname` FROM `book_cats` WHERE ( 1=1 AND cat_id='' ) LIMIT 1   [ RunTime:0.000384s ]
SQL: SELECT `book_name` FROM `book_book` WHERE ( 1=1 AND book_id='33' ) LIMIT 1   [ RunTime:0.000406s ]
SQL: SELECT `user_name` FROM `book_user` WHERE ( 1=1 AND user_id='36' ) LIMIT 1   [ RunTime:0.000386s ]
NOTIC: [8] Undefined index: book_cat D:\wamp\www\book\ThinkPHP\Extend\Model\RelationModel.class.php 第 164 行.
SQL: SELECT `cat_sortname` FROM `book_cats` WHERE ( 1=1 AND cat_id='' ) LIMIT 1   [ RunTime:0.000461s ]
SQL: SELECT `book_name` FROM `book_book` WHERE ( 1=1 AND book_id='33' ) LIMIT 1   [ RunTime:0.000423s ]
SQL: SHOW COLUMNS FROM `book_user_info` [ RunTime:0.004954s ]
SQL: SELECT * FROM `book_user_info` ORDER BY user_score desc  [ RunTime:0.000559s ]
SQL: SHOW COLUMNS FROM `book_link` [ RunTime:0.005916s ]
SQL: SELECT * FROM `book_link` WHERE ( status=1 ) LIMIT 32   [ RunTime:0.018953s ]
INFO: [ view_parse ] --START--
SQL: SHOW COLUMNS FROM `book_letter` [ RunTime:0.006003s ]
SQL: SHOW COLUMNS FROM `book_menu` [ RunTime:0.005117s ]
SQL: SELECT * FROM `book_menu` WHERE ( status=1 and position='header' ) ORDER BY ordernum asc LIMIT 7   [ RunTime:0.000590s ]
SQL: SELECT * FROM `book_cats` WHERE ( type=0 and status=1 ) ORDER BY ordernum asc  [ RunTime:0.000589s ]
NOTIC: [8] Undefined variable: catlist D:\wamp\www\book\index\Common\common.php 第 27 行.
NOTIC: [8] Undefined index: chapter_title D:\wamp\www\book\index\Runtime\Cache\6f9ff6e3cd1727a9c4c714dfe3682b60.php 第 246 行.
NOTIC: [8] Undefined index: chapter_title D:\wamp\www\book\index\Runtime\Cache\6f9ff6e3cd1727a9c4c714dfe3682b60.php 第 246 行.
NOTIC: [8] Undefined index: chapter_title D:\wamp\www\book\index\Runtime\Cache\6f9ff6e3cd1727a9c4c714dfe3682b60.php 第 246 行.
NOTIC: [8] Undefined index: chapter_title D:\wamp\www\book\index\Runtime\Cache\6f9ff6e3cd1727a9c4c714dfe3682b60.php 第 246 行.
NOTIC: [8] Undefined index: chapter_title D:\wamp\www\book\index\Runtime\Cache\6f9ff6e3cd1727a9c4c714dfe3682b60.php 第 246 行.
NOTIC: [8] Undefined index: chapter_title D:\wamp\www\book\index\Runtime\Cache\6f9ff6e3cd1727a9c4c714dfe3682b60.php 第 246 行.
SQL: SELECT * FROM `book_menu` WHERE ( status=1 and position='footer' ) ORDER BY ordernum asc LIMIT 7   [ RunTime:0.000474s ]
NOTIC: [8] Undefined variable: catlist D:\wamp\www\book\index\Common\common.php 第 48 行.
INFO: ParseTemplate Behavior ::run [ RunTime:0.055089s ]
INFO: [ view_parse ] --END-- [ RunTime:0.055187s ]
INFO: [ view_filter ] --START--
INFO: ContentReplace Behavior ::run [ RunTime:0.000762s ]
INFO: TokenBuild Behavior ::run [ RunTime:0.000432s ]
INFO: WriteHtmlCache Behavior ::run [ RunTime:0.000285s ]
INFO: ShowRuntime Behavior ::run [ RunTime:0.000516s ]
INFO: [ view_filter ] --END-- [ RunTime:0.002210s ]
INFO: [ view_end ] --START--
INFO: ShowPageTrace Behavior ::run [ RunTime:0.000871s ]
INFO: [ view_end ] --END-- [ RunTime:0.000954s ]

[ 2020-04-02T18:14:00+08:00 ] 0.0.0.0 /book/
INFO: [ app_begin ] --START--
INFO: ReadHtmlCache Behavior ::run [ RunTime:0.000958s ]
INFO: [ app_begin ] --END-- [ RunTime:0.001105s ]
SQL: SELECT * FROM `book_siteset` WHERE ( `id` = 1 ) LIMIT 1   [ RunTime:0.000672s ]
SQL: SHOW COLUMNS FROM `book_notice` [ RunTime:0.008162s ]
SQL: SELECT * FROM `book_notice` LIMIT 8   [ RunTime:0.000665s ]
SQL: SHOW COLUMNS FROM `book_book` [ RunTime:0.006326s ]
SQL: SELECT * FROM book_book as a,book_cats as b WHERE ( a.book_cat=b.cat_id and a.flags like '%a%' ) LIMIT 7   [ RunTime:0.000737s ]
SQL: SELECT * FROM book_book as a,book_cats as b WHERE ( a.book_cat=b.cat_id and a.progress=59 ) ORDER BY a.public_time LIMIT 7   [ RunTime:0.000525s ]
SQL: SELECT * FROM book_book as a,book_cats as b WHERE ( a.book_cat=b.cat_id and a.flags like '%b%' ) LIMIT 3   [ RunTime:0.000513s ]
SQL: SELECT * FROM book_book as a,book_cats as b WHERE ( a.book_cat=b.cat_id ) ORDER BY a.public_time LIMIT 12   [ RunTime:0.000942s ]
SQL: SELECT * FROM book_book as a,book_cats as b WHERE ( a.book_cat=b.cat_id and a.flags like '%c%' )  [ RunTime:0.000565s ]
SQL: SELECT * FROM book_book as a,book_cats as b WHERE ( a.book_cat=b.cat_id and a.flags like '%d%' )  [ RunTime:0.000526s ]
SQL: SHOW COLUMNS FROM `book_book` [ RunTime:0.005739s ]
SQL: SELECT * FROM `book_book`  [ RunTime:0.000806s ]
SQL: SHOW COLUMNS FROM `book_user` [ RunTime:0.007061s ]
SQL: SELECT `user_name` FROM `book_user` WHERE ( 1=1 AND user_id='0' ) LIMIT 1   [ RunTime:0.000589s ]
SQL: SHOW COLUMNS FROM `book_cats` [ RunTime:0.011795s ]
SQL: SELECT `cat_sortname` FROM `book_cats` WHERE ( 1=1 AND cat_id='1' ) LIMIT 1   [ RunTime:0.000429s ]
SQL: SHOW COLUMNS FROM `book_chapter` [ RunTime:0.005197s ]
SQL: SELECT `chapter_title` FROM `book_chapter` WHERE ( 1=1 AND book_id='70' ) ORDER BY update_time desc LIMIT 1   [ RunTime:0.000503s ]
SQL: SELECT `user_name` FROM `book_user` WHERE ( 1=1 AND user_id='0' ) LIMIT 1   [ RunTime:0.000477s ]
SQL: SELECT `cat_sortname` FROM `book_cats` WHERE ( 1=1 AND cat_id='1' ) LIMIT 1   [ RunTime:0.000335s ]
SQL: SELECT `chapter_title` FROM `book_chapter` WHERE ( 1=1 AND book_id='82' ) ORDER BY update_time desc LIMIT 1   [ RunTime:0.000386s ]
SQL: SELECT `user_name` FROM `book_user` WHERE ( 1=1 AND user_id='0' ) LIMIT 1   [ RunTime:0.000328s ]
SQL: SELECT `cat_sortname` FROM `book_cats` WHERE ( 1=1 AND cat_id='6' ) LIMIT 1   [ RunTime:0.000351s ]
SQL: SELECT `chapter_title` FROM `book_chapter` WHERE ( 1=1 AND book_id='83' ) ORDER BY update_time desc LIMIT 1   [ RunTime:0.000419s ]
SQL: SELECT `user_name` FROM `book_user` WHERE ( 1=1 AND user_id='0' ) LIMIT 1   [ RunTime:0.000464s ]
SQL: SELECT `cat_sortname` FROM `book_cats` WHERE ( 1=1 AND cat_id='4' ) LIMIT 1   [ RunTime:0.000369s ]
SQL: SELECT `chapter_title` FROM `book_chapter` WHERE ( 1=1 AND book_id='84' ) ORDER BY update_time desc LIMIT 1   [ RunTime:0.000369s ]
SQL: SELECT `user_name` FROM `book_user` WHERE ( 1=1 AND user_id='0' ) LIMIT 1   [ RunTime:0.000310s ]
SQL: SELECT `cat_sortname` FROM `book_cats` WHERE ( 1=1 AND cat_id='50' ) LIMIT 1   [ RunTime:0.000510s ]
SQL: SELECT `chapter_title` FROM `book_chapter` WHERE ( 1=1 AND book_id='85' ) ORDER BY update_time desc LIMIT 1   [ RunTime:0.000420s ]
SQL: SELECT `user_name` FROM `book_user` WHERE ( 1=1 AND user_id='0' ) LIMIT 1   [ RunTime:0.000305s ]
SQL: SELECT `cat_sortname` FROM `book_cats` WHERE ( 1=1 AND cat_id='2' ) LIMIT 1   [ RunTime:0.000293s ]
SQL: SELECT `chapter_title` FROM `book_chapter` WHERE ( 1=1 AND book_id='86' ) ORDER BY update_time desc LIMIT 1   [ RunTime:0.000351s ]
SQL: SELECT `user_name` FROM `book_user` WHERE ( 1=1 AND user_id='0' ) LIMIT 1   [ RunTime:0.000342s ]
SQL: SELECT `cat_sortname` FROM `book_cats` WHERE ( 1=1 AND cat_id='1' ) LIMIT 1   [ RunTime:0.000365s ]
SQL: SELECT `chapter_title` FROM `book_chapter` WHERE ( 1=1 AND book_id='87' ) ORDER BY update_time desc LIMIT 1   [ RunTime:0.000380s ]
SQL: SELECT * FROM `book_book` ORDER BY hits asc  [ RunTime:0.000747s ]
SQL: SHOW COLUMNS FROM `book_comment` [ RunTime:0.005027s ]
SQL: SELECT * FROM `book_comment` ORDER BY time desc  [ RunTime:0.000496s ]
SQL: SELECT `user_name` FROM `book_user` WHERE ( 1=1 AND user_id='72' ) LIMIT 1   [ RunTime:0.000387s ]
NOTIC: [8] Undefined index: book_cat D:\wamp\www\book\ThinkPHP\Extend\Model\RelationModel.class.php 第 164 行.
SQL: SELECT `cat_sortname` FROM `book_cats` WHERE ( 1=1 AND cat_id='' ) LIMIT 1   [ RunTime:0.000392s ]
SQL: SELECT `book_name` FROM `book_book` WHERE ( 1=1 AND book_id='70' ) LIMIT 1   [ RunTime:0.000646s ]
SQL: SELECT `user_name` FROM `book_user` WHERE ( 1=1 AND user_id='72' ) LIMIT 1   [ RunTime:0.000409s ]
NOTIC: [8] Undefined index: book_cat D:\wamp\www\book\ThinkPHP\Extend\Model\RelationModel.class.php 第 164 行.
SQL: SELECT `cat_sortname` FROM `book_cats` WHERE ( 1=1 AND cat_id='' ) LIMIT 1   [ RunTime:0.000328s ]
SQL: SELECT `book_name` FROM `book_book` WHERE ( 1=1 AND book_id='27' ) LIMIT 1   [ RunTime:0.000480s ]
SQL: SELECT `user_name` FROM `book_user` WHERE ( 1=1 AND user_id='27' ) LIMIT 1   [ RunTime:0.000494s ]
NOTIC: [8] Undefined index: book_cat D:\wamp\www\book\ThinkPHP\Extend\Model\RelationModel.class.php 第 164 行.
SQL: SELECT `cat_sortname` FROM `book_cats` WHERE ( 1=1 AND cat_id='' ) LIMIT 1   [ RunTime:0.000391s ]
SQL: SELECT `book_name` FROM `book_book` WHERE ( 1=1 AND book_id='33' ) LIMIT 1   [ RunTime:0.000298s ]
SQL: SELECT `user_name` FROM `book_user` WHERE ( 1=1 AND user_id='36' ) LIMIT 1   [ RunTime:0.000443s ]
NOTIC: [8] Undefined index: book_cat D:\wamp\www\book\ThinkPHP\Extend\Model\RelationModel.class.php 第 164 行.
SQL: SELECT `cat_sortname` FROM `book_cats` WHERE ( 1=1 AND cat_id='' ) LIMIT 1   [ RunTime:0.000343s ]
SQL: SELECT `book_name` FROM `book_book` WHERE ( 1=1 AND book_id='33' ) LIMIT 1   [ RunTime:0.000356s ]
SQL: SELECT `user_name` FROM `book_user` WHERE ( 1=1 AND user_id='36' ) LIMIT 1   [ RunTime:0.000300s ]
NOTIC: [8] Undefined index: book_cat D:\wamp\www\book\ThinkPHP\Extend\Model\RelationModel.class.php 第 164 行.
SQL: SELECT `cat_sortname` FROM `book_cats` WHERE ( 1=1 AND cat_id='' ) LIMIT 1   [ RunTime:0.000372s ]
SQL: SELECT `book_name` FROM `book_book` WHERE ( 1=1 AND book_id='33' ) LIMIT 1   [ RunTime:0.000298s ]
SQL: SELECT `user_name` FROM `book_user` WHERE ( 1=1 AND user_id='36' ) LIMIT 1   [ RunTime:0.000371s ]
NOTIC: [8] Undefined index: book_cat D:\wamp\www\book\ThinkPHP\Extend\Model\RelationModel.class.php 第 164 行.
SQL: SELECT `cat_sortname` FROM `book_cats` WHERE ( 1=1 AND cat_id='' ) LIMIT 1   [ RunTime:0.000346s ]
SQL: SELECT `book_name` FROM `book_book` WHERE ( 1=1 AND book_id='33' ) LIMIT 1   [ RunTime:0.000348s ]
SQL: SELECT `user_name` FROM `book_user` WHERE ( 1=1 AND user_id='36' ) LIMIT 1   [ RunTime:0.000339s ]
NOTIC: [8] Undefined index: book_cat D:\wamp\www\book\ThinkPHP\Extend\Model\RelationModel.class.php 第 164 行.
SQL: SELECT `cat_sortname` FROM `book_cats` WHERE ( 1=1 AND cat_id='' ) LIMIT 1   [ RunTime:0.000367s ]
SQL: SELECT `book_name` FROM `book_book` WHERE ( 1=1 AND book_id='33' ) LIMIT 1   [ RunTime:0.000418s ]
SQL: SHOW COLUMNS FROM `book_user_info` [ RunTime:0.005485s ]
SQL: SELECT * FROM `book_user_info` ORDER BY user_score desc  [ RunTime:0.000492s ]
SQL: SHOW COLUMNS FROM `book_link` [ RunTime:0.005228s ]
SQL: SELECT * FROM `book_link` WHERE ( status=1 ) LIMIT 32   [ RunTime:0.082835s ]
INFO: [ view_parse ] --START--
SQL: SHOW COLUMNS FROM `book_letter` [ RunTime:0.006985s ]
SQL: SHOW COLUMNS FROM `book_menu` [ RunTime:0.006142s ]
SQL: SELECT * FROM `book_menu` WHERE ( status=1 and position='header' ) ORDER BY ordernum asc LIMIT 7   [ RunTime:0.000597s ]
SQL: SELECT * FROM `book_cats` WHERE ( type=0 and status=1 ) ORDER BY ordernum asc  [ RunTime:0.000529s ]
NOTIC: [8] Undefined variable: catlist D:\wamp\www\book\index\Common\common.php 第 27 行.
NOTIC: [8] Undefined index: chapter_title D:\wamp\www\book\index\Runtime\Cache\6f9ff6e3cd1727a9c4c714dfe3682b60.php 第 246 行.
NOTIC: [8] Undefined index: chapter_title D:\wamp\www\book\index\Runtime\Cache\6f9ff6e3cd1727a9c4c714dfe3682b60.php 第 246 行.
NOTIC: [8] Undefined index: chapter_title D:\wamp\www\book\index\Runtime\Cache\6f9ff6e3cd1727a9c4c714dfe3682b60.php 第 246 行.
NOTIC: [8] Undefined index: chapter_title D:\wamp\www\book\index\Runtime\Cache\6f9ff6e3cd1727a9c4c714dfe3682b60.php 第 246 行.
NOTIC: [8] Undefined index: chapter_title D:\wamp\www\book\index\Runtime\Cache\6f9ff6e3cd1727a9c4c714dfe3682b60.php 第 246 行.
NOTIC: [8] Undefined index: chapter_title D:\wamp\www\book\index\Runtime\Cache\6f9ff6e3cd1727a9c4c714dfe3682b60.php 第 246 行.
SQL: SELECT * FROM `book_menu` WHERE ( status=1 and position='footer' ) ORDER BY ordernum asc LIMIT 7   [ RunTime:0.000598s ]
NOTIC: [8] Undefined variable: catlist D:\wamp\www\book\index\Common\common.php 第 48 行.
INFO: ParseTemplate Behavior ::run [ RunTime:0.070731s ]
INFO: [ view_parse ] --END-- [ RunTime:0.070921s ]
INFO: [ view_filter ] --START--
INFO: ContentReplace Behavior ::run [ RunTime:0.000947s ]
INFO: TokenBuild Behavior ::run [ RunTime:0.000512s ]
INFO: WriteHtmlCache Behavior ::run [ RunTime:0.000361s ]
INFO: ShowRuntime Behavior ::run [ RunTime:0.000639s ]
INFO: [ view_filter ] --END-- [ RunTime:0.002734s ]
INFO: [ view_end ] --START--
INFO: ShowPageTrace Behavior ::run [ RunTime:0.001342s ]
INFO: [ view_end ] --END-- [ RunTime:0.001457s ]

[ 2020-04-02T18:58:06+08:00 ] 0.0.0.0 /book/index.php/bookInfo/index/book_id/70
INFO: [ route_check ] --START--
INFO: CheckRoute Behavior ::run [ RunTime:0.001811s ]
INFO: [ route_check ] --END-- [ RunTime:0.001952s ]
INFO: [ app_begin ] --START--
INFO: ReadHtmlCache Behavior ::run [ RunTime:0.001033s ]
INFO: [ app_begin ] --END-- [ RunTime:0.001208s ]
SQL: SHOW COLUMNS FROM `book_book` [ RunTime:0.005975s ]
SQL: SELECT * FROM `book_book` WHERE ( `book_id` = 70 )  [ RunTime:0.000574s ]
SQL: SHOW COLUMNS FROM `book_user` [ RunTime:0.009595s ]
SQL: SELECT `user_name` FROM `book_user` WHERE ( 1=1 AND user_id='0' ) LIMIT 1   [ RunTime:0.000739s ]
SQL: SHOW COLUMNS FROM `book_cats` [ RunTime:0.013308s ]
SQL: SELECT `cat_sortname` FROM `book_cats` WHERE ( 1=1 AND cat_id='1' ) LIMIT 1   [ RunTime:0.001415s ]
SQL: SHOW COLUMNS FROM `book_chapter` [ RunTime:0.013644s ]
SQL: SELECT `chapter_title` FROM `book_chapter` WHERE ( 1=1 AND book_id='70' ) ORDER BY update_time desc LIMIT 1   [ RunTime:0.000561s ]
NOTIC: [8] Use of undefined constant progress - assumed 'progress' D:\wamp\www\book\index\Lib\Action\BookInfoAction.class.php 第 21 行.
SQL: SHOW COLUMNS FROM `book_cats` [ RunTime:0.010549s ]
SQL: SELECT `cat_name` FROM `book_cats` WHERE ( `cat_id` = 57 ) LIMIT 1   [ RunTime:0.000919s ]
SQL: SHOW COLUMNS FROM `book_chapter` [ RunTime:0.009570s ]
SQL: SELECT * FROM `book_chapter` WHERE ( `book_id` = 70 ) AND ( `charge` = 0 ) ORDER BY update_time desc LIMIT 1   [ RunTime:0.001284s ]
SQL: SELECT * FROM `book_chapter` WHERE ( `book_id` = 70 ) AND ( `charge` = 1 ) ORDER BY update_time desc LIMIT 1   [ RunTime:0.000564s ]
SQL: SELECT * FROM `book_book` WHERE ( user_id=0 )  [ RunTime:0.000925s ]
SQL: SELECT `user_name` FROM `book_user` WHERE ( 1=1 AND user_id='0' ) LIMIT 1   [ RunTime:0.001107s ]
SQL: SELECT `cat_sortname` FROM `book_cats` WHERE ( 1=1 AND cat_id='1' ) LIMIT 1   [ RunTime:0.001318s ]
SQL: SELECT `chapter_title` FROM `book_chapter` WHERE ( 1=1 AND book_id='70' ) ORDER BY update_time desc LIMIT 1   [ RunTime:0.000482s ]
SQL: SELECT `user_name` FROM `book_user` WHERE ( 1=1 AND user_id='0' ) LIMIT 1   [ RunTime:0.000365s ]
SQL: SELECT `cat_sortname` FROM `book_cats` WHERE ( 1=1 AND cat_id='1' ) LIMIT 1   [ RunTime:0.000419s ]
SQL: SELECT `chapter_title` FROM `book_chapter` WHERE ( 1=1 AND book_id='82' ) ORDER BY update_time desc LIMIT 1   [ RunTime:0.000455s ]
SQL: SELECT `user_name` FROM `book_user` WHERE ( 1=1 AND user_id='0' ) LIMIT 1   [ RunTime:0.000405s ]
SQL: SELECT `cat_sortname` FROM `book_cats` WHERE ( 1=1 AND cat_id='6' ) LIMIT 1   [ RunTime:0.000403s ]
SQL: SELECT `chapter_title` FROM `book_chapter` WHERE ( 1=1 AND book_id='83' ) ORDER BY update_time desc LIMIT 1   [ RunTime:0.002109s ]
SQL: SELECT `user_name` FROM `book_user` WHERE ( 1=1 AND user_id='0' ) LIMIT 1   [ RunTime:0.001272s ]
SQL: SELECT `cat_sortname` FROM `book_cats` WHERE ( 1=1 AND cat_id='50' ) LIMIT 1   [ RunTime:0.000503s ]
SQL: SELECT `chapter_title` FROM `book_chapter` WHERE ( 1=1 AND book_id='85' ) ORDER BY update_time desc LIMIT 1   [ RunTime:0.000713s ]
SQL: SELECT `user_name` FROM `book_user` WHERE ( 1=1 AND user_id='0' ) LIMIT 1   [ RunTime:0.000906s ]
SQL: SELECT `cat_sortname` FROM `book_cats` WHERE ( 1=1 AND cat_id='2' ) LIMIT 1   [ RunTime:0.001638s ]
SQL: SELECT `chapter_title` FROM `book_chapter` WHERE ( 1=1 AND book_id='86' ) ORDER BY update_time desc LIMIT 1   [ RunTime:0.000513s ]
SQL: SHOW COLUMNS FROM `book_comment` [ RunTime:0.019893s ]
SQL: SELECT COUNT(*) AS tp_count FROM `book_comment` WHERE ( book_id=70 ) LIMIT 1   [ RunTime:0.000890s ]
SQL: SELECT * FROM `book_comment` WHERE ( book_id=70 ) ORDER BY time desc LIMIT 0,5   [ RunTime:0.001038s ]
SQL: SELECT `user_name` FROM `book_user` WHERE ( 1=1 AND user_id='72' ) LIMIT 1   [ RunTime:0.000562s ]
NOTIC: [8] Undefined index: book_cat D:\wamp\www\book\ThinkPHP\Extend\Model\RelationModel.class.php 第 164 行.
SQL: SELECT `cat_sortname` FROM `book_cats` WHERE ( 1=1 AND cat_id='' ) LIMIT 1   [ RunTime:0.000337s ]
SQL: SELECT `book_name` FROM `book_book` WHERE ( 1=1 AND book_id='70' ) LIMIT 1   [ RunTime:0.000327s ]
NOTIC: [8] Undefined index: user_name D:\wamp\www\book\index\Lib\Action\BookInfoAction.class.php 第 53 行.
INFO: [ view_parse ] --START--
SQL: SHOW COLUMNS FROM `book_letter` [ RunTime:0.005844s ]
SQL: SHOW COLUMNS FROM `book_menu` [ RunTime:0.027444s ]
SQL: SELECT * FROM `book_menu` WHERE ( status=1 and position='header' ) ORDER BY ordernum asc LIMIT 7   [ RunTime:0.000519s ]
SQL: SELECT * FROM `book_cats` WHERE ( type=0 and status=1 ) ORDER BY ordernum asc  [ RunTime:0.000453s ]
NOTIC: [8] Undefined variable: catlist D:\wamp\www\book\index\Common\common.php 第 27 行.
NOTIC: [8] Undefined index: cat_name D:\wamp\www\book\index\Runtime\Cache\d79adf291180336fad4d3a9f14758bfa.php 第 79 行.
SQL: SELECT * FROM `book_menu` WHERE ( status=1 and position='footer' ) ORDER BY ordernum asc LIMIT 7   [ RunTime:0.000492s ]
NOTIC: [8] Undefined variable: catlist D:\wamp\www\book\index\Common\common.php 第 48 行.
INFO: ParseTemplate Behavior ::run [ RunTime:0.130871s ]
INFO: [ view_parse ] --END-- [ RunTime:0.130975s ]
INFO: [ view_filter ] --START--
INFO: ContentReplace Behavior ::run [ RunTime:0.001032s ]
INFO: TokenBuild Behavior ::run [ RunTime:0.000944s ]
INFO: WriteHtmlCache Behavior ::run [ RunTime:0.000669s ]
INFO: ShowRuntime Behavior ::run [ RunTime:0.000930s ]
INFO: [ view_filter ] --END-- [ RunTime:0.003839s ]
INFO: [ view_end ] --START--
INFO: ShowPageTrace Behavior ::run [ RunTime:0.003306s ]
INFO: [ view_end ] --END-- [ RunTime:0.003704s ]

[ 2020-04-02T18:58:10+08:00 ] 0.0.0.0 /book/index.php/chapters/comment
INFO: [ route_check ] --START--
INFO: CheckRoute Behavior ::run [ RunTime:0.001359s ]
INFO: [ route_check ] --END-- [ RunTime:0.001492s ]
INFO: [ app_begin ] --START--
INFO: ReadHtmlCache Behavior ::run [ RunTime:0.000936s ]
INFO: [ app_begin ] --END-- [ RunTime:0.001063s ]
INFO: [ view_parse ] --START--
INFO: ParseTemplate Behavior ::run [ RunTime:0.027443s ]
INFO: [ view_parse ] --END-- [ RunTime:0.027589s ]
INFO: [ view_filter ] --START--
INFO: ContentReplace Behavior ::run [ RunTime:0.000942s ]
INFO: TokenBuild Behavior ::run [ RunTime:0.000803s ]
INFO: WriteHtmlCache Behavior ::run [ RunTime:0.000681s ]
INFO: ShowRuntime Behavior ::run [ RunTime:0.000925s ]
INFO: [ view_filter ] --END-- [ RunTime:0.003645s ]
INFO: [ view_end ] --START--
INFO: ShowPageTrace Behavior ::run [ RunTime:0.000965s ]
INFO: [ view_end ] --END-- [ RunTime:0.001107s ]

[ 2020-04-02T18:58:53+08:00 ] 0.0.0.0 /book/index.php/chapters/comment
INFO: [ route_check ] --START--
INFO: CheckRoute Behavior ::run [ RunTime:0.002048s ]
INFO: [ route_check ] --END-- [ RunTime:0.002238s ]
INFO: [ app_begin ] --START--
INFO: ReadHtmlCache Behavior ::run [ RunTime:0.000928s ]
INFO: [ app_begin ] --END-- [ RunTime:0.001064s ]
INFO: [ view_parse ] --START--
INFO: ParseTemplate Behavior ::run [ RunTime:0.008681s ]
INFO: [ view_parse ] --END-- [ RunTime:0.008828s ]
INFO: [ view_filter ] --START--
INFO: ContentReplace Behavior ::run [ RunTime:0.001059s ]
INFO: TokenBuild Behavior ::run [ RunTime:0.000598s ]
INFO: WriteHtmlCache Behavior ::run [ RunTime:0.000482s ]
INFO: ShowRuntime Behavior ::run [ RunTime:0.000631s ]
INFO: [ view_filter ] --END-- [ RunTime:0.003158s ]
INFO: [ view_end ] --START--
INFO: ShowPageTrace Behavior ::run [ RunTime:0.000878s ]
INFO: [ view_end ] --END-- [ RunTime:0.000959s ]

[ 2020-04-02T19:01:34+08:00 ] 0.0.0.0 /book/index.php/letter/show/letter_id/
INFO: [ route_check ] --START--
INFO: CheckRoute Behavior ::run [ RunTime:0.001559s ]
INFO: [ route_check ] --END-- [ RunTime:0.001680s ]
INFO: [ app_begin ] --START--
INFO: ReadHtmlCache Behavior ::run [ RunTime:0.000813s ]
INFO: [ app_begin ] --END-- [ RunTime:0.001021s ]
ERR: 非法操作:show

