[ 2020-03-29T18:39:01+08:00 ] 0.0.0.0 /book/
INFO: [ app_begin ] --START--
INFO: ReadHtmlCache Behavior ::run [ RunTime:0.059493s ]
INFO: [ app_begin ] --END-- [ RunTime:0.060448s ]
SQL: SELECT * FROM `book_siteset` WHERE ( `id` = 1 ) LIMIT 1   [ RunTime:0.000747s ]
SQL: SHOW COLUMNS FROM `book_notice` [ RunTime:0.020104s ]
SQL: SELECT * FROM `book_notice` LIMIT 8   [ RunTime:0.000651s ]
SQL: SHOW COLUMNS FROM `book_book` [ RunTime:0.022775s ]
SQL: SELECT * FROM book_book as a,book_cats as b WHERE ( a.book_cat=b.cat_id and a.flags like '%a%' ) LIMIT 7   [ RunTime:0.084285s ]
SQL: SELECT * FROM book_book as a,book_cats as b WHERE ( a.book_cat=b.cat_id and a.progress=59 ) ORDER BY a.public_time LIMIT 7   [ RunTime:0.002264s ]
SQL: SELECT * FROM book_book as a,book_cats as b WHERE ( a.book_cat=b.cat_id and a.flags like '%b%' ) LIMIT 3   [ RunTime:0.000718s ]
SQL: SELECT * FROM book_book as a,book_cats as b WHERE ( a.book_cat=b.cat_id ) ORDER BY a.public_time LIMIT 12   [ RunTime:0.001027s ]
SQL: SELECT * FROM book_book as a,book_cats as b WHERE ( a.book_cat=b.cat_id and a.flags like '%c%' )  [ RunTime:0.001271s ]
SQL: SELECT * FROM book_book as a,book_cats as b WHERE ( a.book_cat=b.cat_id and a.flags like '%d%' )  [ RunTime:0.017748s ]
SQL: SHOW COLUMNS FROM `book_book` [ RunTime:0.007454s ]
SQL: SELECT * FROM `book_book`  [ RunTime:0.000639s ]
SQL: SHOW COLUMNS FROM `book_user` [ RunTime:0.010270s ]
SQL: SELECT `user_name` FROM `book_user` WHERE ( 1=1 AND user_id='0' ) LIMIT 1   [ RunTime:0.027755s ]
SQL: SHOW COLUMNS FROM `book_cats` [ RunTime:0.006138s ]
SQL: SELECT `cat_sortname` FROM `book_cats` WHERE ( 1=1 AND cat_id='1' ) LIMIT 1   [ RunTime:0.001049s ]
SQL: SHOW COLUMNS FROM `book_chapter` [ RunTime:0.006476s ]
SQL: SELECT `chapter_title` FROM `book_chapter` WHERE ( 1=1 AND book_id='70' ) ORDER BY update_time desc LIMIT 1   [ RunTime:0.045051s ]
SQL: SELECT `user_name` FROM `book_user` WHERE ( 1=1 AND user_id='0' ) LIMIT 1   [ RunTime:0.000725s ]
SQL: SELECT `cat_sortname` FROM `book_cats` WHERE ( 1=1 AND cat_id='49' ) LIMIT 1   [ RunTime:0.005785s ]
SQL: SELECT `chapter_title` FROM `book_chapter` WHERE ( 1=1 AND book_id='82' ) ORDER BY update_time desc LIMIT 1   [ RunTime:0.001098s ]
SQL: SELECT `user_name` FROM `book_user` WHERE ( 1=1 AND user_id='0' ) LIMIT 1   [ RunTime:0.000779s ]
SQL: SELECT `cat_sortname` FROM `book_cats` WHERE ( 1=1 AND cat_id='6' ) LIMIT 1   [ RunTime:0.006921s ]
SQL: SELECT `chapter_title` FROM `book_chapter` WHERE ( 1=1 AND book_id='83' ) ORDER BY update_time desc LIMIT 1   [ RunTime:0.001259s ]
SQL: SELECT `user_name` FROM `book_user` WHERE ( 1=1 AND user_id='0' ) LIMIT 1   [ RunTime:0.001009s ]
SQL: SELECT `cat_sortname` FROM `book_cats` WHERE ( 1=1 AND cat_id='4' ) LIMIT 1   [ RunTime:0.005228s ]
SQL: SELECT `chapter_title` FROM `book_chapter` WHERE ( 1=1 AND book_id='84' ) ORDER BY update_time desc LIMIT 1   [ RunTime:0.000833s ]
SQL: SELECT `user_name` FROM `book_user` WHERE ( 1=1 AND user_id='0' ) LIMIT 1   [ RunTime:0.000691s ]
SQL: SELECT `cat_sortname` FROM `book_cats` WHERE ( 1=1 AND cat_id='50' ) LIMIT 1   [ RunTime:0.005609s ]
SQL: SELECT `chapter_title` FROM `book_chapter` WHERE ( 1=1 AND book_id='85' ) ORDER BY update_time desc LIMIT 1   [ RunTime:0.000969s ]
SQL: SELECT `user_name` FROM `book_user` WHERE ( 1=1 AND user_id='0' ) LIMIT 1   [ RunTime:0.000683s ]
SQL: SELECT `cat_sortname` FROM `book_cats` WHERE ( 1=1 AND cat_id='2' ) LIMIT 1   [ RunTime:0.000924s ]
SQL: SELECT `chapter_title` FROM `book_chapter` WHERE ( 1=1 AND book_id='86' ) ORDER BY update_time desc LIMIT 1   [ RunTime:0.000825s ]
SQL: SELECT * FROM `book_book` ORDER BY hits asc  [ RunTime:0.012618s ]
SQL: SHOW COLUMNS FROM `book_comment` [ RunTime:0.006848s ]
SQL: SELECT * FROM `book_comment` ORDER BY time desc  [ RunTime:0.037315s ]
SQL: SELECT `user_name` FROM `book_user` WHERE ( 1=1 AND user_id='72' ) LIMIT 1   [ RunTime:0.000588s ]
NOTIC: [8] Undefined index: book_cat D:\wamp\www\book\ThinkPHP\Extend\Model\RelationModel.class.php 第 164 行.
SQL: SELECT `cat_sortname` FROM `book_cats` WHERE ( 1=1 AND cat_id='' ) LIMIT 1   [ RunTime:0.000628s ]
SQL: SELECT `book_name` FROM `book_book` WHERE ( 1=1 AND book_id='27' ) LIMIT 1   [ RunTime:0.000384s ]
SQL: SELECT `user_name` FROM `book_user` WHERE ( 1=1 AND user_id='27' ) LIMIT 1   [ RunTime:0.012819s ]
NOTIC: [8] Undefined index: book_cat D:\wamp\www\book\ThinkPHP\Extend\Model\RelationModel.class.php 第 164 行.
SQL: SELECT `cat_sortname` FROM `book_cats` WHERE ( 1=1 AND cat_id='' ) LIMIT 1   [ RunTime:0.000447s ]
SQL: SELECT `book_name` FROM `book_book` WHERE ( 1=1 AND book_id='33' ) LIMIT 1   [ RunTime:0.000387s ]
SQL: SELECT `user_name` FROM `book_user` WHERE ( 1=1 AND user_id='36' ) LIMIT 1   [ RunTime:0.000682s ]
NOTIC: [8] Undefined index: book_cat D:\wamp\www\book\ThinkPHP\Extend\Model\RelationModel.class.php 第 164 行.
SQL: SELECT `cat_sortname` FROM `book_cats` WHERE ( 1=1 AND cat_id='' ) LIMIT 1   [ RunTime:0.000518s ]
SQL: SELECT `book_name` FROM `book_book` WHERE ( 1=1 AND book_id='33' ) LIMIT 1   [ RunTime:0.000475s ]
SQL: SELECT `user_name` FROM `book_user` WHERE ( 1=1 AND user_id='36' ) LIMIT 1   [ RunTime:0.000766s ]
NOTIC: [8] Undefined index: book_cat D:\wamp\www\book\ThinkPHP\Extend\Model\RelationModel.class.php 第 164 行.
SQL: SELECT `cat_sortname` FROM `book_cats` WHERE ( 1=1 AND cat_id='' ) LIMIT 1   [ RunTime:0.001170s ]
SQL: SELECT `book_name` FROM `book_book` WHERE ( 1=1 AND book_id='33' ) LIMIT 1   [ RunTime:0.001113s ]
SQL: SELECT `user_name` FROM `book_user` WHERE ( 1=1 AND user_id='36' ) LIMIT 1   [ RunTime:0.000578s ]
NOTIC: [8] Undefined index: book_cat D:\wamp\www\book\ThinkPHP\Extend\Model\RelationModel.class.php 第 164 行.
SQL: SELECT `cat_sortname` FROM `book_cats` WHERE ( 1=1 AND cat_id='' ) LIMIT 1   [ RunTime:0.000457s ]
SQL: SELECT `book_name` FROM `book_book` WHERE ( 1=1 AND book_id='33' ) LIMIT 1   [ RunTime:0.000440s ]
SQL: SELECT `user_name` FROM `book_user` WHERE ( 1=1 AND user_id='36' ) LIMIT 1   [ RunTime:0.000725s ]
NOTIC: [8] Undefined index: book_cat D:\wamp\www\book\ThinkPHP\Extend\Model\RelationModel.class.php 第 164 行.
SQL: SELECT `cat_sortname` FROM `book_cats` WHERE ( 1=1 AND cat_id='' ) LIMIT 1   [ RunTime:0.000700s ]
SQL: SELECT `book_name` FROM `book_book` WHERE ( 1=1 AND book_id='33' ) LIMIT 1   [ RunTime:0.000504s ]
SQL: SHOW COLUMNS FROM `book_user_info` [ RunTime:0.006141s ]
SQL: SELECT * FROM `book_user_info` ORDER BY user_score desc  [ RunTime:0.003262s ]
SQL: SHOW COLUMNS FROM `book_link` [ RunTime:0.038268s ]
SQL: SELECT * FROM `book_link` WHERE ( status=1 ) LIMIT 32   [ RunTime:0.024025s ]
INFO: [ view_parse ] --START--
SQL: SHOW COLUMNS FROM `book_letter` [ RunTime:0.005991s ]
SQL: SHOW COLUMNS FROM `book_menu` [ RunTime:0.005793s ]
SQL: SELECT * FROM `book_menu` WHERE ( status=1 and position='header' ) ORDER BY ordernum asc LIMIT 7   [ RunTime:0.045626s ]
SQL: SELECT * FROM `book_cats` WHERE ( type=0 and status=1 ) ORDER BY ordernum asc  [ RunTime:0.000535s ]
NOTIC: [8] Undefined variable: catlist D:\wamp\www\book\index\Common\common.php 第 27 行.
NOTIC: [8] Undefined index: chapter_title D:\wamp\www\book\index\Runtime\Cache\6f9ff6e3cd1727a9c4c714dfe3682b60.php 第 246 行.
NOTIC: [8] Undefined index: chapter_title D:\wamp\www\book\index\Runtime\Cache\6f9ff6e3cd1727a9c4c714dfe3682b60.php 第 246 行.
NOTIC: [8] Undefined index: chapter_title D:\wamp\www\book\index\Runtime\Cache\6f9ff6e3cd1727a9c4c714dfe3682b60.php 第 246 行.
NOTIC: [8] Undefined index: chapter_title D:\wamp\www\book\index\Runtime\Cache\6f9ff6e3cd1727a9c4c714dfe3682b60.php 第 246 行.
NOTIC: [8] Undefined index: chapter_title D:\wamp\www\book\index\Runtime\Cache\6f9ff6e3cd1727a9c4c714dfe3682b60.php 第 246 行.
SQL: SELECT * FROM `book_menu` WHERE ( status=1 and position='footer' ) ORDER BY ordernum asc LIMIT 7   [ RunTime:0.007401s ]
NOTIC: [8] Undefined variable: catlist D:\wamp\www\book\index\Common\common.php 第 48 行.
INFO: ParseTemplate Behavior ::run [ RunTime:0.329193s ]
INFO: [ view_parse ] --END-- [ RunTime:0.329347s ]
INFO: [ view_filter ] --START--
INFO: ContentReplace Behavior ::run [ RunTime:0.001331s ]
INFO: TokenBuild Behavior ::run [ RunTime:0.001246s ]
INFO: WriteHtmlCache Behavior ::run [ RunTime:0.001396s ]
INFO: ShowRuntime Behavior ::run [ RunTime:0.000999s ]
INFO: [ view_filter ] --END-- [ RunTime:0.005298s ]
INFO: [ view_end ] --START--
INFO: ShowPageTrace Behavior ::run [ RunTime:0.001057s ]
INFO: [ view_end ] --END-- [ RunTime:0.001144s ]

[ 2020-03-29T18:39:07+08:00 ] 0.0.0.0 /book/index.php/member/login
INFO: [ route_check ] --START--
INFO: CheckRoute Behavior ::run [ RunTime:0.010192s ]
INFO: [ route_check ] --END-- [ RunTime:0.010316s ]
INFO: [ app_begin ] --START--
INFO: ReadHtmlCache Behavior ::run [ RunTime:0.000787s ]
INFO: [ app_begin ] --END-- [ RunTime:0.000930s ]
SQL: SELECT * FROM `book_siteset` WHERE ( `id` = 1 ) LIMIT 1   [ RunTime:0.000598s ]
INFO: [ view_parse ] --START--
SQL: SHOW COLUMNS FROM `book_letter` [ RunTime:0.005234s ]
SQL: SHOW COLUMNS FROM `book_menu` [ RunTime:0.006822s ]
SQL: SELECT * FROM `book_menu` WHERE ( status=1 and position='header' ) ORDER BY ordernum asc LIMIT 7   [ RunTime:0.000519s ]
SQL: SHOW COLUMNS FROM `book_cats` [ RunTime:0.005502s ]
SQL: SELECT * FROM `book_cats` WHERE ( type=0 and status=1 ) ORDER BY ordernum asc  [ RunTime:0.000514s ]
NOTIC: [8] Undefined variable: catlist D:\wamp\www\book\index\Common\common.php 第 27 行.
SQL: SELECT * FROM `book_menu` WHERE ( status=1 and position='footer' ) ORDER BY ordernum asc LIMIT 7   [ RunTime:0.000531s ]
NOTIC: [8] Undefined variable: catlist D:\wamp\www\book\index\Common\common.php 第 48 行.
INFO: ParseTemplate Behavior ::run [ RunTime:0.052128s ]
INFO: [ view_parse ] --END-- [ RunTime:0.052294s ]
INFO: [ view_filter ] --START--
INFO: ContentReplace Behavior ::run [ RunTime:0.000824s ]
INFO: TokenBuild Behavior ::run [ RunTime:0.001661s ]
INFO: WriteHtmlCache Behavior ::run [ RunTime:0.000547s ]
INFO: ShowRuntime Behavior ::run [ RunTime:0.000645s ]
INFO: [ view_filter ] --END-- [ RunTime:0.003922s ]
INFO: [ view_end ] --START--
INFO: ShowPageTrace Behavior ::run [ RunTime:0.000840s ]
INFO: [ view_end ] --END-- [ RunTime:0.000926s ]

[ 2020-03-29T18:39:08+08:00 ] 0.0.0.0 /book/index.php/Public/verify/
INFO: [ route_check ] --START--
INFO: CheckRoute Behavior ::run [ RunTime:0.001089s ]
INFO: [ route_check ] --END-- [ RunTime:0.001203s ]
INFO: [ app_begin ] --START--
INFO: ReadHtmlCache Behavior ::run [ RunTime:0.001547s ]
INFO: [ app_begin ] --END-- [ RunTime:0.023741s ]
SQL: SELECT * FROM `book_siteset` WHERE ( `id` = 1 ) LIMIT 1   [ RunTime:0.001208s ]

[ 2020-03-29T18:39:13+08:00 ] 0.0.0.0 /book/index.php/member/checklogin
INFO: [ route_check ] --START--
INFO: CheckRoute Behavior ::run [ RunTime:0.001102s ]
INFO: [ route_check ] --END-- [ RunTime:0.001226s ]
INFO: [ app_begin ] --START--
INFO: ReadHtmlCache Behavior ::run [ RunTime:0.000830s ]
INFO: [ app_begin ] --END-- [ RunTime:0.000994s ]
SQL: SELECT * FROM `book_siteset` WHERE ( `id` = 1 ) LIMIT 1   [ RunTime:0.000519s ]
SQL: SHOW COLUMNS FROM `book_user` [ RunTime:0.006952s ]
SQL: SELECT * FROM `book_user` WHERE ( user_name='damaihua' ) LIMIT 1   [ RunTime:0.000519s ]

[ 2020-03-29T18:39:13+08:00 ] 0.0.0.0 /book/index.php/member/index.html
INFO: [ route_check ] --START--
INFO: CheckRoute Behavior ::run [ RunTime:0.001486s ]
INFO: [ route_check ] --END-- [ RunTime:0.001622s ]
INFO: [ app_begin ] --START--
INFO: ReadHtmlCache Behavior ::run [ RunTime:0.000539s ]
INFO: [ app_begin ] --END-- [ RunTime:0.000677s ]
SQL: SELECT * FROM `book_siteset` WHERE ( `id` = 1 ) LIMIT 1   [ RunTime:0.000511s ]
SQL: SHOW COLUMNS FROM `book_user_info` [ RunTime:0.005391s ]
SQL: SELECT * FROM `book_user_info` WHERE ( user_id=72 ) LIMIT 1   [ RunTime:0.000553s ]
SQL: SHOW COLUMNS FROM `book_user` [ RunTime:0.005492s ]
SQL: SELECT * FROM `book_user` WHERE ( user_id=72 ) LIMIT 1   [ RunTime:0.013423s ]
SQL: SHOW COLUMNS FROM `book_history` [ RunTime:0.024061s ]
SQL: SELECT * FROM `book_history`  [ RunTime:0.008029s ]
SQL: SHOW COLUMNS FROM `book_book` [ RunTime:0.017949s ]
SQL: SELECT `book_name`,`book_cover` FROM `book_book` WHERE ( 1=1 AND book_id='14' ) LIMIT 1   [ RunTime:0.000577s ]
SQL: SHOW COLUMNS FROM `book_user` [ RunTime:0.005640s ]
NOTIC: [8] Undefined index: User_id D:\wamp\www\book\ThinkPHP\Extend\Model\RelationModel.class.php 第 164 行.
SQL: SELECT `user_name` FROM `book_user` WHERE ( 1=1 AND user_id='' ) LIMIT 1   [ RunTime:0.000556s ]
INFO: [ view_parse ] --START--
SQL: SHOW COLUMNS FROM `book_letter` [ RunTime:0.005340s ]
SQL: SHOW COLUMNS FROM `book_menu` [ RunTime:0.005321s ]
SQL: SELECT * FROM `book_menu` WHERE ( status=1 and position='header' ) ORDER BY ordernum asc LIMIT 7   [ RunTime:0.000522s ]
SQL: SHOW COLUMNS FROM `book_cats` [ RunTime:0.007423s ]
SQL: SELECT * FROM `book_cats` WHERE ( type=0 and status=1 ) ORDER BY ordernum asc  [ RunTime:0.000584s ]
NOTIC: [8] Undefined variable: catlist D:\wamp\www\book\index\Common\common.php 第 27 行.
SQL: SELECT * FROM `book_menu` WHERE ( status=1 and position='footer' ) ORDER BY ordernum asc LIMIT 7   [ RunTime:0.000499s ]
NOTIC: [8] Undefined variable: catlist D:\wamp\www\book\index\Common\common.php 第 48 行.
INFO: ParseTemplate Behavior ::run [ RunTime:0.123210s ]
INFO: [ view_parse ] --END-- [ RunTime:0.123308s ]
INFO: [ view_filter ] --START--
INFO: ContentReplace Behavior ::run [ RunTime:0.012256s ]
INFO: TokenBuild Behavior ::run [ RunTime:0.000831s ]
INFO: WriteHtmlCache Behavior ::run [ RunTime:0.000563s ]
INFO: ShowRuntime Behavior ::run [ RunTime:0.000486s ]
INFO: [ view_filter ] --END-- [ RunTime:0.014445s ]
INFO: [ view_end ] --START--
INFO: ShowPageTrace Behavior ::run [ RunTime:0.000757s ]
INFO: [ view_end ] --END-- [ RunTime:0.000835s ]

[ 2020-03-29T18:39:13+08:00 ] 0.0.0.0 /book/
INFO: [ app_begin ] --START--
INFO: ReadHtmlCache Behavior ::run [ RunTime:0.003197s ]
INFO: [ app_begin ] --END-- [ RunTime:0.003384s ]
SQL: SELECT * FROM `book_siteset` WHERE ( `id` = 1 ) LIMIT 1   [ RunTime:0.000863s ]
SQL: SHOW COLUMNS FROM `book_notice` [ RunTime:0.015425s ]
SQL: SELECT * FROM `book_notice` LIMIT 8   [ RunTime:0.000999s ]
SQL: SHOW COLUMNS FROM `book_book` [ RunTime:0.010588s ]
SQL: SELECT * FROM book_book as a,book_cats as b WHERE ( a.book_cat=b.cat_id and a.flags like '%a%' ) LIMIT 7   [ RunTime:0.000718s ]
SQL: SELECT * FROM book_book as a,book_cats as b WHERE ( a.book_cat=b.cat_id and a.progress=59 ) ORDER BY a.public_time LIMIT 7   [ RunTime:0.000461s ]
SQL: SELECT * FROM book_book as a,book_cats as b WHERE ( a.book_cat=b.cat_id and a.flags like '%b%' ) LIMIT 3   [ RunTime:0.000523s ]
SQL: SELECT * FROM book_book as a,book_cats as b WHERE ( a.book_cat=b.cat_id ) ORDER BY a.public_time LIMIT 12   [ RunTime:0.000676s ]
SQL: SELECT * FROM book_book as a,book_cats as b WHERE ( a.book_cat=b.cat_id and a.flags like '%c%' )  [ RunTime:0.000477s ]
SQL: SELECT * FROM book_book as a,book_cats as b WHERE ( a.book_cat=b.cat_id and a.flags like '%d%' )  [ RunTime:0.000682s ]
SQL: SHOW COLUMNS FROM `book_book` [ RunTime:0.009695s ]
SQL: SELECT * FROM `book_book`  [ RunTime:0.000717s ]
SQL: SHOW COLUMNS FROM `book_user` [ RunTime:0.006125s ]
SQL: SELECT `user_name` FROM `book_user` WHERE ( 1=1 AND user_id='0' ) LIMIT 1   [ RunTime:0.002140s ]
SQL: SHOW COLUMNS FROM `book_cats` [ RunTime:0.005904s ]
SQL: SELECT `cat_sortname` FROM `book_cats` WHERE ( 1=1 AND cat_id='1' ) LIMIT 1   [ RunTime:0.000578s ]
SQL: SHOW COLUMNS FROM `book_chapter` [ RunTime:0.006066s ]
SQL: SELECT `chapter_title` FROM `book_chapter` WHERE ( 1=1 AND book_id='70' ) ORDER BY update_time desc LIMIT 1   [ RunTime:0.000537s ]
SQL: SELECT `user_name` FROM `book_user` WHERE ( 1=1 AND user_id='0' ) LIMIT 1   [ RunTime:0.000356s ]
SQL: SELECT `cat_sortname` FROM `book_cats` WHERE ( 1=1 AND cat_id='49' ) LIMIT 1   [ RunTime:0.012458s ]
SQL: SELECT `chapter_title` FROM `book_chapter` WHERE ( 1=1 AND book_id='82' ) ORDER BY update_time desc LIMIT 1   [ RunTime:0.000542s ]
SQL: SELECT `user_name` FROM `book_user` WHERE ( 1=1 AND user_id='0' ) LIMIT 1   [ RunTime:0.002126s ]
SQL: SELECT `cat_sortname` FROM `book_cats` WHERE ( 1=1 AND cat_id='6' ) LIMIT 1   [ RunTime:0.001128s ]
SQL: SELECT `chapter_title` FROM `book_chapter` WHERE ( 1=1 AND book_id='83' ) ORDER BY update_time desc LIMIT 1   [ RunTime:0.000558s ]
SQL: SELECT `user_name` FROM `book_user` WHERE ( 1=1 AND user_id='0' ) LIMIT 1   [ RunTime:0.000436s ]
SQL: SELECT `cat_sortname` FROM `book_cats` WHERE ( 1=1 AND cat_id='4' ) LIMIT 1   [ RunTime:0.000375s ]
SQL: SELECT `chapter_title` FROM `book_chapter` WHERE ( 1=1 AND book_id='84' ) ORDER BY update_time desc LIMIT 1   [ RunTime:0.000419s ]
SQL: SELECT `user_name` FROM `book_user` WHERE ( 1=1 AND user_id='0' ) LIMIT 1   [ RunTime:0.000366s ]
SQL: SELECT `cat_sortname` FROM `book_cats` WHERE ( 1=1 AND cat_id='50' ) LIMIT 1   [ RunTime:0.000353s ]
SQL: SELECT `chapter_title` FROM `book_chapter` WHERE ( 1=1 AND book_id='85' ) ORDER BY update_time desc LIMIT 1   [ RunTime:0.000392s ]
SQL: SELECT `user_name` FROM `book_user` WHERE ( 1=1 AND user_id='0' ) LIMIT 1   [ RunTime:0.000347s ]
SQL: SELECT `cat_sortname` FROM `book_cats` WHERE ( 1=1 AND cat_id='2' ) LIMIT 1   [ RunTime:0.000354s ]
SQL: SELECT `chapter_title` FROM `book_chapter` WHERE ( 1=1 AND book_id='86' ) ORDER BY update_time desc LIMIT 1   [ RunTime:0.000399s ]
SQL: SELECT * FROM `book_book` ORDER BY hits asc  [ RunTime:0.000595s ]
SQL: SHOW COLUMNS FROM `book_comment` [ RunTime:0.005296s ]
SQL: SELECT * FROM `book_comment` ORDER BY time desc  [ RunTime:0.000633s ]
SQL: SELECT `user_name` FROM `book_user` WHERE ( 1=1 AND user_id='72' ) LIMIT 1   [ RunTime:0.001024s ]
NOTIC: [8] Undefined index: book_cat D:\wamp\www\book\ThinkPHP\Extend\Model\RelationModel.class.php 第 164 行.
SQL: SELECT `cat_sortname` FROM `book_cats` WHERE ( 1=1 AND cat_id='' ) LIMIT 1   [ RunTime:0.000562s ]
SQL: SELECT `book_name` FROM `book_book` WHERE ( 1=1 AND book_id='27' ) LIMIT 1   [ RunTime:0.000323s ]
SQL: SELECT `user_name` FROM `book_user` WHERE ( 1=1 AND user_id='27' ) LIMIT 1   [ RunTime:0.000352s ]
NOTIC: [8] Undefined index: book_cat D:\wamp\www\book\ThinkPHP\Extend\Model\RelationModel.class.php 第 164 行.
SQL: SELECT `cat_sortname` FROM `book_cats` WHERE ( 1=1 AND cat_id='' ) LIMIT 1   [ RunTime:0.000313s ]
SQL: SELECT `book_name` FROM `book_book` WHERE ( 1=1 AND book_id='33' ) LIMIT 1   [ RunTime:0.000463s ]
SQL: SELECT `user_name` FROM `book_user` WHERE ( 1=1 AND user_id='36' ) LIMIT 1   [ RunTime:0.000368s ]
NOTIC: [8] Undefined index: book_cat D:\wamp\www\book\ThinkPHP\Extend\Model\RelationModel.class.php 第 164 行.
SQL: SELECT `cat_sortname` FROM `book_cats` WHERE ( 1=1 AND cat_id='' ) LIMIT 1   [ RunTime:0.000337s ]
SQL: SELECT `book_name` FROM `book_book` WHERE ( 1=1 AND book_id='33' ) LIMIT 1   [ RunTime:0.000627s ]
SQL: SELECT `user_name` FROM `book_user` WHERE ( 1=1 AND user_id='36' ) LIMIT 1   [ RunTime:0.000391s ]
NOTIC: [8] Undefined index: book_cat D:\wamp\www\book\ThinkPHP\Extend\Model\RelationModel.class.php 第 164 行.
SQL: SELECT `cat_sortname` FROM `book_cats` WHERE ( 1=1 AND cat_id='' ) LIMIT 1   [ RunTime:0.000353s ]
SQL: SELECT `book_name` FROM `book_book` WHERE ( 1=1 AND book_id='33' ) LIMIT 1   [ RunTime:0.000366s ]
SQL: SELECT `user_name` FROM `book_user` WHERE ( 1=1 AND user_id='36' ) LIMIT 1   [ RunTime:0.000342s ]
NOTIC: [8] Undefined index: book_cat D:\wamp\www\book\ThinkPHP\Extend\Model\RelationModel.class.php 第 164 行.
SQL: SELECT `cat_sortname` FROM `book_cats` WHERE ( 1=1 AND cat_id='' ) LIMIT 1   [ RunTime:0.000333s ]
SQL: SELECT `book_name` FROM `book_book` WHERE ( 1=1 AND book_id='33' ) LIMIT 1   [ RunTime:0.000364s ]
SQL: SELECT `user_name` FROM `book_user` WHERE ( 1=1 AND user_id='36' ) LIMIT 1   [ RunTime:0.000750s ]
NOTIC: [8] Undefined index: book_cat D:\wamp\www\book\ThinkPHP\Extend\Model\RelationModel.class.php 第 164 行.
SQL: SELECT `cat_sortname` FROM `book_cats` WHERE ( 1=1 AND cat_id='' ) LIMIT 1   [ RunTime:0.000597s ]
SQL: SELECT `book_name` FROM `book_book` WHERE ( 1=1 AND book_id='33' ) LIMIT 1   [ RunTime:0.000601s ]
SQL: SHOW COLUMNS FROM `book_user_info` [ RunTime:0.005232s ]
SQL: SELECT * FROM `book_user_info` ORDER BY user_score desc  [ RunTime:0.000505s ]
SQL: SHOW COLUMNS FROM `book_link` [ RunTime:0.004873s ]
SQL: SELECT * FROM `book_link` WHERE ( status=1 ) LIMIT 32   [ RunTime:0.027087s ]
INFO: [ view_parse ] --START--
SQL: SHOW COLUMNS FROM `book_letter` [ RunTime:0.005867s ]
SQL: SHOW COLUMNS FROM `book_menu` [ RunTime:0.005125s ]
SQL: SELECT * FROM `book_menu` WHERE ( status=1 and position='header' ) ORDER BY ordernum asc LIMIT 7   [ RunTime:0.000987s ]
SQL: SELECT * FROM `book_cats` WHERE ( type=0 and status=1 ) ORDER BY ordernum asc  [ RunTime:0.000520s ]
NOTIC: [8] Undefined variable: catlist D:\wamp\www\book\index\Common\common.php 第 27 行.
NOTIC: [8] Undefined index: chapter_title D:\wamp\www\book\index\Runtime\Cache\6f9ff6e3cd1727a9c4c714dfe3682b60.php 第 246 行.
NOTIC: [8] Undefined index: chapter_title D:\wamp\www\book\index\Runtime\Cache\6f9ff6e3cd1727a9c4c714dfe3682b60.php 第 246 行.
NOTIC: [8] Undefined index: chapter_title D:\wamp\www\book\index\Runtime\Cache\6f9ff6e3cd1727a9c4c714dfe3682b60.php 第 246 行.
NOTIC: [8] Undefined index: chapter_title D:\wamp\www\book\index\Runtime\Cache\6f9ff6e3cd1727a9c4c714dfe3682b60.php 第 246 行.
NOTIC: [8] Undefined index: chapter_title D:\wamp\www\book\index\Runtime\Cache\6f9ff6e3cd1727a9c4c714dfe3682b60.php 第 246 行.
SQL: SELECT * FROM `book_menu` WHERE ( status=1 and position='footer' ) ORDER BY ordernum asc LIMIT 7   [ RunTime:0.000534s ]
NOTIC: [8] Undefined variable: catlist D:\wamp\www\book\index\Common\common.php 第 48 行.
INFO: ParseTemplate Behavior ::run [ RunTime:0.060926s ]
INFO: [ view_parse ] --END-- [ RunTime:0.061030s ]
INFO: [ view_filter ] --START--
INFO: ContentReplace Behavior ::run [ RunTime:0.000796s ]
INFO: TokenBuild Behavior ::run [ RunTime:0.000406s ]
INFO: WriteHtmlCache Behavior ::run [ RunTime:0.000391s ]
INFO: ShowRuntime Behavior ::run [ RunTime:0.000473s ]
INFO: [ view_filter ] --END-- [ RunTime:0.002287s ]
INFO: [ view_end ] --START--
INFO: ShowPageTrace Behavior ::run [ RunTime:0.000751s ]
INFO: [ view_end ] --END-- [ RunTime:0.000830s ]

[ 2020-03-29T18:39:31+08:00 ] 0.0.0.0 /book/index.php/letter/write
INFO: [ route_check ] --START--
INFO: CheckRoute Behavior ::run [ RunTime:0.001778s ]
INFO: [ route_check ] --END-- [ RunTime:0.001939s ]
INFO: [ app_begin ] --START--
INFO: ReadHtmlCache Behavior ::run [ RunTime:0.001465s ]
INFO: [ app_begin ] --END-- [ RunTime:0.001629s ]
INFO: [ view_parse ] --START--
SQL: SHOW COLUMNS FROM `book_letter` [ RunTime:0.008251s ]
SQL: SHOW COLUMNS FROM `book_menu` [ RunTime:0.009955s ]
SQL: SELECT * FROM `book_menu` WHERE ( status=1 and position='header' ) ORDER BY ordernum asc LIMIT 7   [ RunTime:0.001051s ]
SQL: SHOW COLUMNS FROM `book_cats` [ RunTime:0.009850s ]
SQL: SELECT * FROM `book_cats` WHERE ( type=0 and status=1 ) ORDER BY ordernum asc  [ RunTime:0.000779s ]
NOTIC: [8] Undefined variable: catlist D:\wamp\www\book\index\Common\common.php 第 27 行.
SQL: SELECT * FROM `book_menu` WHERE ( status=1 and position='footer' ) ORDER BY ordernum asc LIMIT 7   [ RunTime:0.000760s ]
NOTIC: [8] Undefined variable: catlist D:\wamp\www\book\index\Common\common.php 第 48 行.
INFO: ParseTemplate Behavior ::run [ RunTime:0.096485s ]
INFO: [ view_parse ] --END-- [ RunTime:0.096633s ]
INFO: [ view_filter ] --START--
INFO: ContentReplace Behavior ::run [ RunTime:0.001397s ]
INFO: TokenBuild Behavior ::run [ RunTime:0.000977s ]
INFO: WriteHtmlCache Behavior ::run [ RunTime:0.000803s ]
INFO: ShowRuntime Behavior ::run [ RunTime:0.001099s ]
INFO: [ view_filter ] --END-- [ RunTime:0.004670s ]
INFO: [ view_end ] --START--
INFO: ShowPageTrace Behavior ::run [ RunTime:0.001436s ]
INFO: [ view_end ] --END-- [ RunTime:0.001546s ]

[ 2020-03-29T18:39:33+08:00 ] 0.0.0.0 /book/index.php/letter/toadmin
INFO: [ route_check ] --START--
INFO: CheckRoute Behavior ::run [ RunTime:0.000677s ]
INFO: [ route_check ] --END-- [ RunTime:0.000777s ]
INFO: [ app_begin ] --START--
INFO: ReadHtmlCache Behavior ::run [ RunTime:0.000526s ]
INFO: [ app_begin ] --END-- [ RunTime:0.000623s ]
INFO: [ view_parse ] --START--
SQL: SHOW COLUMNS FROM `book_letter` [ RunTime:0.005299s ]
SQL: SHOW COLUMNS FROM `book_menu` [ RunTime:0.005106s ]
SQL: SELECT * FROM `book_menu` WHERE ( status=1 and position='header' ) ORDER BY ordernum asc LIMIT 7   [ RunTime:0.000612s ]
SQL: SHOW COLUMNS FROM `book_cats` [ RunTime:0.005356s ]
SQL: SELECT * FROM `book_cats` WHERE ( type=0 and status=1 ) ORDER BY ordernum asc  [ RunTime:0.000501s ]
NOTIC: [8] Undefined variable: catlist D:\wamp\www\book\index\Common\common.php 第 27 行.
SQL: SELECT * FROM `book_menu` WHERE ( status=1 and position='footer' ) ORDER BY ordernum asc LIMIT 7   [ RunTime:0.000470s ]
NOTIC: [8] Undefined variable: catlist D:\wamp\www\book\index\Common\common.php 第 48 行.
INFO: ParseTemplate Behavior ::run [ RunTime:0.050710s ]
INFO: [ view_parse ] --END-- [ RunTime:0.050834s ]
INFO: [ view_filter ] --START--
INFO: ContentReplace Behavior ::run [ RunTime:0.000729s ]
INFO: TokenBuild Behavior ::run [ RunTime:0.000449s ]
INFO: WriteHtmlCache Behavior ::run [ RunTime:0.000317s ]
INFO: ShowRuntime Behavior ::run [ RunTime:0.000468s ]
INFO: [ view_filter ] --END-- [ RunTime:0.002223s ]
INFO: [ view_end ] --START--
INFO: ShowPageTrace Behavior ::run [ RunTime:0.000931s ]
INFO: [ view_end ] --END-- [ RunTime:0.001007s ]

[ 2020-03-29T18:39:35+08:00 ] 0.0.0.0 /book/index.php/letter/inbox
INFO: [ route_check ] --START--
INFO: CheckRoute Behavior ::run [ RunTime:0.000864s ]
INFO: [ route_check ] --END-- [ RunTime:0.000970s ]
INFO: [ app_begin ] --START--
INFO: ReadHtmlCache Behavior ::run [ RunTime:0.000893s ]
INFO: [ app_begin ] --END-- [ RunTime:0.001063s ]
SQL: SHOW COLUMNS FROM `book_letter` [ RunTime:0.005140s ]
SQL: SELECT * FROM `book_letter` WHERE ( `letter_to` = 'damaihua' ) AND ( `to_sta` = 1 ) ORDER BY time desc  [ RunTime:0.024950s ]
INFO: [ view_parse ] --START--
SQL: SHOW COLUMNS FROM `book_menu` [ RunTime:0.005389s ]
SQL: SELECT * FROM `book_menu` WHERE ( status=1 and position='header' ) ORDER BY ordernum asc LIMIT 7   [ RunTime:0.000866s ]
SQL: SHOW COLUMNS FROM `book_cats` [ RunTime:0.005789s ]
SQL: SELECT * FROM `book_cats` WHERE ( type=0 and status=1 ) ORDER BY ordernum asc  [ RunTime:0.000664s ]
NOTIC: [8] Undefined variable: catlist D:\wamp\www\book\index\Common\common.php 第 27 行.
SQL: SELECT * FROM `book_menu` WHERE ( status=1 and position='footer' ) ORDER BY ordernum asc LIMIT 7   [ RunTime:0.000483s ]
NOTIC: [8] Undefined variable: catlist D:\wamp\www\book\index\Common\common.php 第 48 行.
INFO: ParseTemplate Behavior ::run [ RunTime:0.088743s ]
INFO: [ view_parse ] --END-- [ RunTime:0.088903s ]
INFO: [ view_filter ] --START--
INFO: ContentReplace Behavior ::run [ RunTime:0.000779s ]
INFO: TokenBuild Behavior ::run [ RunTime:0.000421s ]
INFO: WriteHtmlCache Behavior ::run [ RunTime:0.000320s ]
INFO: ShowRuntime Behavior ::run [ RunTime:0.000583s ]
INFO: [ view_filter ] --END-- [ RunTime:0.002323s ]
INFO: [ view_end ] --START--
INFO: ShowPageTrace Behavior ::run [ RunTime:0.000788s ]
INFO: [ view_end ] --END-- [ RunTime:0.000866s ]

[ 2020-03-29T18:39:37+08:00 ] 0.0.0.0 /book/index.php/letter/outbox
INFO: [ route_check ] --START--
INFO: CheckRoute Behavior ::run [ RunTime:0.000757s ]
INFO: [ route_check ] --END-- [ RunTime:0.000877s ]
INFO: [ app_begin ] --START--
INFO: ReadHtmlCache Behavior ::run [ RunTime:0.000604s ]
INFO: [ app_begin ] --END-- [ RunTime:0.000697s ]
SQL: SHOW COLUMNS FROM `book_letter` [ RunTime:0.007049s ]
SQL: SELECT * FROM `book_letter` WHERE ( `letter_from` = '72' ) AND ( `from_sta` = 1 ) ORDER BY time desc  [ RunTime:0.000590s ]
INFO: [ view_parse ] --START--
SQL: SHOW COLUMNS FROM `book_menu` [ RunTime:0.007205s ]
SQL: SELECT * FROM `book_menu` WHERE ( status=1 and position='header' ) ORDER BY ordernum asc LIMIT 7   [ RunTime:0.000515s ]
SQL: SHOW COLUMNS FROM `book_cats` [ RunTime:0.005129s ]
SQL: SELECT * FROM `book_cats` WHERE ( type=0 and status=1 ) ORDER BY ordernum asc  [ RunTime:0.000549s ]
NOTIC: [8] Undefined variable: catlist D:\wamp\www\book\index\Common\common.php 第 27 行.
SQL: SELECT * FROM `book_menu` WHERE ( status=1 and position='footer' ) ORDER BY ordernum asc LIMIT 7   [ RunTime:0.000508s ]
NOTIC: [8] Undefined variable: catlist D:\wamp\www\book\index\Common\common.php 第 48 行.
INFO: ParseTemplate Behavior ::run [ RunTime:0.037077s ]
INFO: [ view_parse ] --END-- [ RunTime:0.037216s ]
INFO: [ view_filter ] --START--
INFO: ContentReplace Behavior ::run [ RunTime:0.000788s ]
INFO: TokenBuild Behavior ::run [ RunTime:0.000401s ]
INFO: WriteHtmlCache Behavior ::run [ RunTime:0.000343s ]
INFO: ShowRuntime Behavior ::run [ RunTime:0.000453s ]
INFO: [ view_filter ] --END-- [ RunTime:0.002217s ]
INFO: [ view_end ] --START--
INFO: ShowPageTrace Behavior ::run [ RunTime:0.000828s ]
INFO: [ view_end ] --END-- [ RunTime:0.000906s ]

[ 2020-03-29T18:39:49+08:00 ] 0.0.0.0 /book/index.php/member/order
INFO: [ route_check ] --START--
INFO: CheckRoute Behavior ::run [ RunTime:0.001871s ]
INFO: [ route_check ] --END-- [ RunTime:0.002169s ]
INFO: [ app_begin ] --START--
INFO: ReadHtmlCache Behavior ::run [ RunTime:0.001474s ]
INFO: [ app_begin ] --END-- [ RunTime:0.001740s ]
SQL: SELECT * FROM `book_siteset` WHERE ( `id` = 1 ) LIMIT 1   [ RunTime:0.000752s ]
SQL: SHOW COLUMNS FROM `book_order` [ RunTime:0.008537s ]
SQL: SELECT COUNT(*) AS tp_count FROM `book_order` LIMIT 1   [ RunTime:0.052519s ]
SQL: SELECT * FROM `book_order` LIMIT 0,15   [ RunTime:0.000675s ]
SQL: SHOW COLUMNS FROM `book_book` [ RunTime:0.008109s ]
SQL: SELECT `book_name` FROM `book_book` WHERE ( 1=1 AND book_id='14' ) LIMIT 1   [ RunTime:0.000604s ]
SQL: SHOW COLUMNS FROM `book_chapter` [ RunTime:0.007582s ]
SQL: SELECT `chapter_title`,`much` FROM `book_chapter` WHERE ( 1=1 AND chapter_id='2' ) LIMIT 1   [ RunTime:0.009969s ]
SQL: SELECT `book_name` FROM `book_book` WHERE ( 1=1 AND book_id='33' ) LIMIT 1   [ RunTime:0.000647s ]
SQL: SELECT `chapter_title`,`much` FROM `book_chapter` WHERE ( 1=1 AND chapter_id='17' ) LIMIT 1   [ RunTime:0.000597s ]
SQL: SELECT `book_name` FROM `book_book` WHERE ( 1=1 AND book_id='33' ) LIMIT 1   [ RunTime:0.000561s ]
SQL: SELECT `chapter_title`,`much` FROM `book_chapter` WHERE ( 1=1 AND chapter_id='12' ) LIMIT 1   [ RunTime:0.000565s ]
SQL: SELECT `book_name` FROM `book_book` WHERE ( 1=1 AND book_id='33' ) LIMIT 1   [ RunTime:0.000554s ]
SQL: SELECT `chapter_title`,`much` FROM `book_chapter` WHERE ( 1=1 AND chapter_id='16,17,20,21,22,23' ) LIMIT 1   [ RunTime:0.000567s ]
SQL: SELECT `book_name` FROM `book_book` WHERE ( 1=1 AND book_id='33' ) LIMIT 1   [ RunTime:0.000545s ]
SQL: SELECT `chapter_title`,`much` FROM `book_chapter` WHERE ( 1=1 AND chapter_id='15' ) LIMIT 1   [ RunTime:0.000565s ]
SQL: SELECT `book_name` FROM `book_book` WHERE ( 1=1 AND book_id='33' ) LIMIT 1   [ RunTime:0.000860s ]
SQL: SELECT `chapter_title`,`much` FROM `book_chapter` WHERE ( 1=1 AND chapter_id='12' ) LIMIT 1   [ RunTime:0.000809s ]
INFO: [ view_parse ] --START--
SQL: SHOW COLUMNS FROM `book_letter` [ RunTime:0.009037s ]
SQL: SHOW COLUMNS FROM `book_menu` [ RunTime:0.006975s ]
SQL: SELECT * FROM `book_menu` WHERE ( status=1 and position='header' ) ORDER BY ordernum asc LIMIT 7   [ RunTime:0.000605s ]
SQL: SHOW COLUMNS FROM `book_cats` [ RunTime:0.006090s ]
SQL: SELECT * FROM `book_cats` WHERE ( type=0 and status=1 ) ORDER BY ordernum asc  [ RunTime:0.000561s ]
NOTIC: [8] Undefined variable: catlist D:\wamp\www\book\index\Common\common.php 第 27 行.
NOTIC: [8] Undefined index: update_time D:\wamp\www\book\index\Runtime\Cache\752cdf7d956d7ce1cc743fb16e8b6b65.php 第 104 行.
NOTIC: [8] Undefined index: update_time D:\wamp\www\book\index\Runtime\Cache\752cdf7d956d7ce1cc743fb16e8b6b65.php 第 104 行.
NOTIC: [8] Undefined index: update_time D:\wamp\www\book\index\Runtime\Cache\752cdf7d956d7ce1cc743fb16e8b6b65.php 第 104 行.
NOTIC: [8] Undefined index: update_time D:\wamp\www\book\index\Runtime\Cache\752cdf7d956d7ce1cc743fb16e8b6b65.php 第 104 行.
NOTIC: [8] Undefined index: update_time D:\wamp\www\book\index\Runtime\Cache\752cdf7d956d7ce1cc743fb16e8b6b65.php 第 104 行.
NOTIC: [8] Undefined index: update_time D:\wamp\www\book\index\Runtime\Cache\752cdf7d956d7ce1cc743fb16e8b6b65.php 第 104 行.
SQL: SELECT * FROM `book_menu` WHERE ( status=1 and position='footer' ) ORDER BY ordernum asc LIMIT 7   [ RunTime:0.000516s ]
NOTIC: [8] Undefined variable: catlist D:\wamp\www\book\index\Common\common.php 第 48 行.
INFO: ParseTemplate Behavior ::run [ RunTime:0.069727s ]
INFO: [ view_parse ] --END-- [ RunTime:0.069875s ]
INFO: [ view_filter ] --START--
INFO: ContentReplace Behavior ::run [ RunTime:0.000774s ]
INFO: TokenBuild Behavior ::run [ RunTime:0.000739s ]
INFO: WriteHtmlCache Behavior ::run [ RunTime:0.000359s ]
INFO: ShowRuntime Behavior ::run [ RunTime:0.000471s ]
INFO: [ view_filter ] --END-- [ RunTime:0.002639s ]
INFO: [ view_end ] --START--
INFO: ShowPageTrace Behavior ::run [ RunTime:0.000789s ]
INFO: [ view_end ] --END-- [ RunTime:0.000872s ]

